
> multi-market-frontend@0.0.0 start
> ng serve

[33m❯[39m Building...
[32m✔[39m Building...
[1mInitial chunk files[22m[2m | [22m[1mNames[22m         [2m | [22m [1mRaw size[22m
[32mmain.js[39m            [2m | [22m[2mmain[22m          [2m | [22m[36m815.77 kB[39m[2m | [22m
[32mchunk-UIUAHWGI.js[39m  [2m | [22m[2m-[22m             [2m | [22m [36m41.90 kB[39m[2m | [22m
[32mchunk-QPAUPQHP.js[39m  [2m | [22m[2m-[22m             [2m | [22m [36m23.82 kB[39m[2m | [22m
[32mstyles.css[39m         [2m | [22m[2mstyles[22m        [2m | [22m  [36m2.02 kB[39m[2m | [22m
[32mchunk-44MVKM6K.js[39m  [2m | [22m[2m-[22m             [2m | [22m  [36m1.07 kB[39m[2m | [22m

[1m [22m                  [2m | [22m[1mInitial total[22m [2m | [22m[1m884.58 kB[22m

[1mLazy chunk files[22m   [2m | [22m[1mNames[22m         [2m | [22m [1mRaw size[22m
[32mchunk-B34NKBHE.js[39m  [2m | [22m[2mcheckout[22m      [2m | [22m[36m115.11 kB[39m[2m | [22m
[32mchunk-I3EF4JOL.js[39m  [2m | [22m[2mproducts[22m      [2m | [22m [36m99.57 kB[39m[2m | [22m
[32mchunk-7RF7X6IA.js[39m  [2m | [22m[2mdashboard[22m     [2m | [22m [36m81.81 kB[39m[2m | [22m
[32mchunk-N5GCF7UF.js[39m  [2m | [22m[2mprofile[22m       [2m | [22m [36m80.61 kB[39m[2m | [22m
[32mchunk-NDO4SXAD.js[39m  [2m | [22m[2morders[22m        [2m | [22m [36m65.86 kB[39m[2m | [22m
[32mchunk-QTQAJVZX.js[39m  [2m | [22m[2mstore[22m         [2m | [22m [36m62.35 kB[39m[2m | [22m
[32mchunk-HM3IITO4.js[39m  [2m | [22m[2morders[22m        [2m | [22m [36m58.37 kB[39m[2m | [22m
[32mchunk-AV4QTHHO.js[39m  [2m | [22m[2maccount[22m       [2m | [22m [36m53.85 kB[39m[2m | [22m
[32mchunk-MZHMHSQ4.js[39m  [2m | [22m[2minventory[22m     [2m | [22m [36m53.49 kB[39m[2m | [22m
[32mchunk-TPB3AQPQ.js[39m  [2m | [22m[2mproduct-detail[22m[2m | [22m [36m47.63 kB[39m[2m | [22m
[32mchunk-2TDVLDLI.js[39m  [2m | [22m[2mhome[22m          [2m | [22m [36m47.11 kB[39m[2m | [22m
[32mchunk-Y4MWCGPL.js[39m  [2m | [22m[2mproducts[22m      [2m | [22m [36m45.57 kB[39m[2m | [22m
[32mchunk-DGTFRPOP.js[39m  [2m | [22m[2mcustomers[22m     [2m | [22m [36m44.90 kB[39m[2m | [22m
[32mchunk-752IU4S5.js[39m  [2m | [22m[2msettings[22m      [2m | [22m [36m42.76 kB[39m[2m | [22m
[32mchunk-XPPGTJYQ.js[39m  [2m | [22m[2mchat[22m          [2m | [22m [36m38.49 kB[39m[2m | [22m
[2m...and 9 more lazy chunks files. Use "--verbose" to show all the files.[22m

Application bundle generation complete. [6.807 seconds] - 2026-06-01T09:40:54.940Z

Watch mode enabled. Watching for file changes...
NOTE: Raw file sizes do not reflect development server per-request transformations.
  [32m➜[39m  [1mLocal[22m:   [36mhttp://localhost:[1m4200[22m/[39m
[2m[32m  ➜[39m[22m[2m  press [22m[1mh + enter[22m[2m to show help[22m
[33m❯[39m Changes detected. Rebuilding...
[32m✔[39m Changes detected. Rebuilding...
[1mInitial chunk files[22m[2m | [22m[1mNames[22m [2m | [22m[1mRaw size[22m
[32mstyles.css[39m         [2m | [22m[2mstyles[22m[2m | [22m [36m4.30 kB[39m[2m | [22m

Application bundle generation complete. [0.018 seconds] - 2026-06-01T09:46:08.218Z

Stylesheet update sent to client(s).
[33m❯[39m Changes detected. Rebuilding...
[32m✔[39m Changes detected. Rebuilding...
[1mInitial chunk files[22m[2m | [22m[1mNames[22m[2m | [22m [1mRaw size[22m
[32mmain.js[39m            [2m | [22m[2mmain[22m [2m | [22m[36m816.20 kB[39m[2m | [22m

Application bundle generation complete. [5.307 seconds] - 2026-06-01T09:46:16.103Z

Component update sent to client(s).
[33m❯[39m Changes detected. Rebuilding...
[32m✔[39m Changes detected. Rebuilding...
[1mInitial chunk files[22m[2m | [22m[1mNames[22m[2m | [22m [1mRaw size[22m
[32mmain.js[39m            [2m | [22m[2mmain[22m [2m | [22m[36m817.98 kB[39m[2m | [22m

Application bundle generation complete. [0.201 seconds] - 2026-06-01T09:46:16.309Z

Component update sent to client(s).
[33m❯[39m Changes detected. Rebuilding...
[32m✔[39m Changes detected. Rebuilding...
[1mInitial chunk files[22m[2m | [22m[1mNames[22m[2m | [22m [1mRaw size[22m
[32mmain.js[39m            [2m | [22m[2mmain[22m [2m | [22m[36m821.16 kB[39m[2m | [22m

Application bundle generation complete. [0.259 seconds] - 2026-06-01T09:47:23.416Z

Component update sent to client(s).
[33m❯[39m Changes detected. Rebuilding...
[32m✔[39m Changes detected. Rebuilding...
[1mInitial chunk files[22m[2m | [22m[1mNames[22m[2m | [22m [1mRaw size[22m
[32mmain.js[39m            [2m | [22m[2mmain[22m [2m | [22m[36m822.42 kB[39m[2m | [22m

Application bundle generation complete. [0.432 seconds] - 2026-06-01T09:47:56.816Z

Component update sent to client(s).
[33m❯[39m Changes detected. Rebuilding...
[32m✔[39m Changes detected. Rebuilding...
[1mInitial chunk files[22m[2m | [22m[1mNames[22m[2m | [22m [1mRaw size[22m
[32mmain.js[39m            [2m | [22m[2mmain[22m [2m | [22m[36m823.07 kB[39m[2m | [22m

Application bundle generation complete. [0.493 seconds] - 2026-06-01T09:49:02.795Z

Component update sent to client(s).
[33m❯[39m Changes detected. Rebuilding...
[32m✔[39m Changes detected. Rebuilding...
[1mInitial chunk files[22m[2m | [22m[1mNames[22m[2m | [22m [1mRaw size[22m
[32mmain.js[39m            [2m | [22m[2mmain[22m [2m | [22m[36m823.14 kB[39m[2m | [22m

Application bundle generation complete. [0.485 seconds] - 2026-06-01T09:50:11.821Z

Component update sent to client(s).
[33m❯[39m Changes detected. Rebuilding...
[32m✔[39m Changes detected. Rebuilding...
[1mInitial chunk files[22m[2m | [22m[1mNames[22m[2m | [22m [1mRaw size[22m
[32mmain.js[39m            [2m | [22m[2mmain[22m [2m | [22m[36m823.32 kB[39m[2m | [22m

Application bundle generation complete. [0.445 seconds] - 2026-06-01T09:50:51.784Z

Component update sent to client(s).
[33m❯[39m Changes detected. Rebuilding...
[32m✔[39m Changes detected. Rebuilding...
[1mInitial chunk files[22m[2m | [22m[1mNames[22m[2m | [22m [1mRaw size[22m
[32mmain.js[39m            [2m | [22m[2mmain[22m [2m | [22m[36m823.43 kB[39m[2m | [22m

Application bundle generation complete. [0.449 seconds] - 2026-06-01T09:51:24.856Z

Component update sent to client(s).
[33m❯[39m Changes detected. Rebuilding...
[32m✔[39m Changes detected. Rebuilding...
[1mInitial chunk files[22m[2m | [22m[1mNames[22m[2m | [22m [1mRaw size[22m
[32mmain.js[39m            [2m | [22m[2mmain[22m [2m | [22m[36m825.65 kB[39m[2m | [22m

Application bundle generation complete. [2.955 seconds] - 2026-06-01T09:53:42.918Z

Page reload sent to client(s).
[33m❯[39m Changes detected. Rebuilding...
[32m✔[39m Changes detected. Rebuilding...
[1mInitial chunk files[22m[2m | [22m[1mNames[22m[2m | [22m [1mRaw size[22m
[32mmain.js[39m            [2m | [22m[2mmain[22m [2m | [22m[36m832.99 kB[39m[2m | [22m

Application bundle generation complete. [3.064 seconds] - 2026-06-01T09:53:56.826Z

Component update sent to client(s).
[33m❯[39m Changes detected. Rebuilding...
[32m✔[39m Changes detected. Rebuilding...
[1mInitial chunk files[22m[2m | [22m[1mNames[22m[2m | [22m [1mRaw size[22m
[32mmain.js[39m            [2m | [22m[2mmain[22m [2m | [22m[36m852.63 kB[39m[2m | [22m

Application bundle generation complete. [3.330 seconds] - 2026-06-01T09:54:48.940Z

Component update sent to client(s).
[33m❯[39m Changes detected. Rebuilding...
[32m✔[39m Changes detected. Rebuilding...
[1mInitial chunk files[22m[2m | [22m[1mNames[22m[2m | [22m [1mRaw size[22m
[32mmain.js[39m            [2m | [22m[2mmain[22m [2m | [22m[36m853.46 kB[39m[2m | [22m

Application bundle generation complete. [2.920 seconds] - 2026-06-01T09:58:18.543Z

Page reload sent to client(s).
[33m❯[39m Changes detected. Rebuilding...
[32m✔[39m Changes detected. Rebuilding...
[1mInitial chunk files[22m[2m | [22m[1mNames[22m[2m | [22m [1mRaw size[22m
[32mmain.js[39m            [2m | [22m[2mmain[22m [2m | [22m[36m857.86 kB[39m[2m | [22m

Application bundle generation complete. [3.198 seconds] - 2026-06-01T09:58:35.112Z

Component update sent to client(s).
[33m❯[39m Changes detected. Rebuilding...
[32m✔[39m Changes detected. Rebuilding...
[1mInitial chunk files[22m[2m | [22m[1mNames[22m[2m | [22m [1mRaw size[22m
[32mmain.js[39m            [2m | [22m[2mmain[22m [2m | [22m[36m859.16 kB[39m[2m | [22m

Application bundle generation complete. [3.374 seconds] - 2026-06-01T09:58:39.478Z

Component update sent to client(s).
[33m❯[39m Changes detected. Rebuilding...
[32m✔[39m Changes detected. Rebuilding...
[1mInitial chunk files[22m[2m | [22m[1mNames[22m[2m | [22m [1mRaw size[22m
[32mmain.js[39m            [2m | [22m[2mmain[22m [2m | [22m[36m858.50 kB[39m[2m | [22m

Application bundle generation complete. [3.155 seconds] - 2026-06-01T09:59:28.413Z

Component update sent to client(s).
[33m❯[39m Changes detected. Rebuilding...
[32m✔[39m Changes detected. Rebuilding...
[1mInitial chunk files[22m[2m | [22m[1mNames[22m         [2m | [22m [1mRaw size[22m
[32mmain.js[39m            [2m | [22m[2mmain[22m          [2m | [22m[36m858.50 kB[39m[2m | [22m
[32mchunk-JSV3TVGF.js[39m  [2m | [22m[2m-[22m             [2m | [22m [36m41.98 kB[39m[2m | [22m

[1mLazy chunk files[22m   [2m | [22m[1mNames[22m         [2m | [22m [1mRaw size[22m
[32mchunk-53YX4XOA.js[39m  [2m | [22m[2mproducts[22m      [2m | [22m [36m99.57 kB[39m[2m | [22m
[32mchunk-GZOI5SIA.js[39m  [2m | [22m[2mdashboard[22m     [2m | [22m [36m81.81 kB[39m[2m | [22m
[32mchunk-JZ3D6QCH.js[39m  [2m | [22m[2morders[22m        [2m | [22m [36m65.86 kB[39m[2m | [22m
[32mchunk-CLAD6YP3.js[39m  [2m | [22m[2mstore[22m         [2m | [22m [36m62.35 kB[39m[2m | [22m
[32mchunk-MITNZI6M.js[39m  [2m | [22m[2minventory[22m     [2m | [22m [36m53.49 kB[39m[2m | [22m
[32mchunk-6OMG447L.js[39m  [2m | [22m[2mproduct-detail[22m[2m | [22m [36m47.63 kB[39m[2m | [22m
[32mchunk-XDDMCY6F.js[39m  [2m | [22m[2mhome[22m          [2m | [22m [36m47.11 kB[39m[2m | [22m
[32mchunk-GJCKTDQN.js[39m  [2m | [22m[2mproducts[22m      [2m | [22m [36m45.57 kB[39m[2m | [22m
[32mchunk-XVPEO5QW.js[39m  [2m | [22m[2mcustomers[22m     [2m | [22m [36m44.90 kB[39m[2m | [22m
[32mchunk-XE5YJYHX.js[39m  [2m | [22m[2msettings[22m      [2m | [22m [36m42.76 kB[39m[2m | [22m
[32mchunk-QE4RULIA.js[39m  [2m | [22m[2mchat[22m          [2m | [22m [36m38.40 kB[39m[2m | [22m
[32mchunk-DYCXGPGA.js[39m  [2m | [22m[2mimports[22m       [2m | [22m [36m36.80 kB[39m[2m | [22m
[32mchunk-3LJIPIB4.js[39m  [2m | [22m[2msales[22m         [2m | [22m [36m28.23 kB[39m[2m | [22m
[32mchunk-KE5Q25GF.js[39m  [2m | [22m[2mpayments[22m      [2m | [22m [36m26.69 kB[39m[2m | [22m
[32mchunk-2ZKSUO6C.js[39m  [2m | [22m[2mexports[22m       [2m | [22m [36m26.65 kB[39m[2m | [22m
[2m...and 2 more lazy chunks files. Use "--verbose" to show all the files.[22m

Application bundle generation complete. [0.401 seconds] - 2026-06-01T10:02:57.582Z

Page reload sent to client(s).
[33m❯[39m Changes detected. Rebuilding...
[32m✔[39m Changes detected. Rebuilding...
[1mInitial chunk files[22m[2m | [22m[1mNames[22m[2m | [22m [1mRaw size[22m
[32mmain.js[39m            [2m | [22m[2mmain[22m [2m | [22m[36m858.50 kB[39m[2m | [22m

[1mLazy chunk files[22m   [2m | [22m[1mNames[22m[2m | [22m [1mRaw size[22m
[32mchunk-ZJW5HAUC.js[39m  [2m | [22m[2mhome[22m [2m | [22m [36m47.24 kB[39m[2m | [22m

Application bundle generation complete. [0.331 seconds] - 2026-06-01T10:03:00.040Z

Page reload sent to client(s).
[33m❯[39m Changes detected. Rebuilding...
[32m✔[39m Changes detected. Rebuilding...
[1mInitial chunk files[22m[2m | [22m[1mNames[22m[2m | [22m [1mRaw size[22m
[32mmain.js[39m            [2m | [22m[2mmain[22m [2m | [22m[36m858.50 kB[39m[2m | [22m

[1mLazy chunk files[22m   [2m | [22m[1mNames[22m[2m | [22m [1mRaw size[22m
[32mchunk-PERZ5H7F.js[39m  [2m | [22m[2mhome[22m [2m | [22m [36m47.35 kB[39m[2m | [22m

Application bundle generation complete. [0.261 seconds] - 2026-06-01T10:03:02.386Z

Component update sent to client(s).
[33m❯[39m Changes detected. Rebuilding...
[32m✔[39m Changes detected. Rebuilding...
[1mInitial chunk files[22m[2m | [22m[1mNames[22m   [2m | [22m [1mRaw size[22m
[32mmain.js[39m            [2m | [22m[2mmain[22m    [2m | [22m[36m858.50 kB[39m[2m | [22m

[1mLazy chunk files[22m   [2m | [22m[1mNames[22m   [2m | [22m [1mRaw size[22m
[32mchunk-DND7SXYW.js[39m  [2m | [22m[2mproducts[22m[2m | [22m [36m46.59 kB[39m[2m | [22m

Application bundle generation complete. [0.378 seconds] - 2026-06-01T10:03:09.232Z

Page reload sent to client(s).
[33m❯[39m Changes detected. Rebuilding...
[32m✔[39m Changes detected. Rebuilding...
[1mInitial chunk files[22m[2m | [22m[1mNames[22m   [2m | [22m [1mRaw size[22m
[32mmain.js[39m            [2m | [22m[2mmain[22m    [2m | [22m[36m858.50 kB[39m[2m | [22m

[1mLazy chunk files[22m   [2m | [22m[1mNames[22m   [2m | [22m [1mRaw size[22m
[32mchunk-6H7XYCPN.js[39m  [2m | [22m[2mproducts[22m[2m | [22m [36m49.47 kB[39m[2m | [22m

Application bundle generation complete. [0.340 seconds] - 2026-06-01T10:03:13.538Z

Component update sent to client(s).
[33m❯[39m Changes detected. Rebuilding...
[32m✔[39m Changes detected. Rebuilding...
[1mInitial chunk files[22m[2m | [22m[1mNames[22m   [2m | [22m [1mRaw size[22m
[32mmain.js[39m            [2m | [22m[2mmain[22m    [2m | [22m[36m858.50 kB[39m[2m | [22m

[1mLazy chunk files[22m   [2m | [22m[1mNames[22m   [2m | [22m [1mRaw size[22m
[32mchunk-N3I5GFYV.js[39m  [2m | [22m[2mproducts[22m[2m | [22m [36m49.46 kB[39m[2m | [22m

Application bundle generation complete. [0.356 seconds] - 2026-06-01T10:03:17.984Z

Component update sent to client(s).
[33m❯[39m Changes detected. Rebuilding...
[32m✔[39m Changes detected. Rebuilding...
[1mInitial chunk files[22m[2m | [22m[1mNames[22m   [2m | [22m [1mRaw size[22m
[32mmain.js[39m            [2m | [22m[2mmain[22m    [2m | [22m[36m858.50 kB[39m[2m | [22m

[1mLazy chunk files[22m   [2m | [22m[1mNames[22m   [2m | [22m [1mRaw size[22m
[32mchunk-7OC45QH7.js[39m  [2m | [22m[2mproducts[22m[2m | [22m [36m49.69 kB[39m[2m | [22m

Application bundle generation complete. [0.343 seconds] - 2026-06-01T10:03:23.031Z

Page reload sent to client(s).
[33m❯[39m Changes detected. Rebuilding...
[32m✔[39m Changes detected. Rebuilding...
[1mInitial chunk files[22m[2m | [22m[1mNames[22m   [2m | [22m [1mRaw size[22m
[32mmain.js[39m            [2m | [22m[2mmain[22m    [2m | [22m[36m858.50 kB[39m[2m | [22m

[1mLazy chunk files[22m   [2m | [22m[1mNames[22m   [2m | [22m [1mRaw size[22m
[32mchunk-4XK7XQFS.js[39m  [2m | [22m[2mproducts[22m[2m | [22m [36m49.62 kB[39m[2m | [22m

Application bundle generation complete. [0.376 seconds] - 2026-06-01T10:03:26.750Z

Component update sent to client(s).
[33m❯[39m Changes detected. Rebuilding...
[32m✔[39m Changes detected. Rebuilding...
[1mInitial chunk files[22m[2m | [22m[1mNames[22m   [2m | [22m [1mRaw size[22m
[32mmain.js[39m            [2m | [22m[2mmain[22m    [2m | [22m[36m858.50 kB[39m[2m | [22m

[1mLazy chunk files[22m   [2m | [22m[1mNames[22m   [2m | [22m [1mRaw size[22m
[32mchunk-THQV63HU.js[39m  [2m | [22m[2mproducts[22m[2m | [22m [36m51.12 kB[39m[2m | [22m

Application bundle generation complete. [0.333 seconds] - 2026-06-01T10:03:30.887Z

Component update sent to client(s).
[33m❯[39m Changes detected. Rebuilding...
[32m✔[39m Changes detected. Rebuilding...
[1mInitial chunk files[22m[2m | [22m[1mNames[22m[2m | [22m [1mRaw size[22m
[32mmain.js[39m            [2m | [22m[2mmain[22m [2m | [22m[36m859.50 kB[39m[2m | [22m

Application bundle generation complete. [3.184 seconds] - 2026-06-01T10:03:42.448Z

Component update sent to client(s).
[33m❯[39m Changes detected. Rebuilding...
[32m✔[39m Changes detected. Rebuilding...
[1mInitial chunk files[22m[2m | [22m[1mNames[22m[2m | [22m [1mRaw size[22m
[32mmain.js[39m            [2m | [22m[2mmain[22m [2m | [22m[36m859.71 kB[39m[2m | [22m

Application bundle generation complete. [3.494 seconds] - 2026-06-01T10:03:45.960Z

Component update sent to client(s).
[33m❯[39m Changes detected. Rebuilding...
[32m✔[39m Changes detected. Rebuilding...
[1mInitial chunk files[22m[2m | [22m[1mNames[22m[2m | [22m [1mRaw size[22m
[32mmain.js[39m            [2m | [22m[2mmain[22m [2m | [22m[36m859.71 kB[39m[2m | [22m

[1mLazy chunk files[22m   [2m | [22m[1mNames[22m[2m | [22m [1mRaw size[22m
[32mchunk-ZXMXZ2EW.js[39m  [2m | [22m[2mhome[22m [2m | [22m [36m47.41 kB[39m[2m | [22m

Application bundle generation complete. [0.266 seconds] - 2026-06-01T10:03:47.424Z

Component update sent to client(s).
[33m❯[39m Changes detected. Rebuilding...
[32m✔[39m Changes detected. Rebuilding...
[1mInitial chunk files[22m[2m | [22m[1mNames[22m         [2m | [22m [1mRaw size[22m
[32mmain.js[39m            [2m | [22m[2mmain[22m          [2m | [22m[36m859.71 kB[39m[2m | [22m
[32mchunk-BAB56AD5.js[39m  [2m | [22m[2m-[22m             [2m | [22m [36m42.05 kB[39m[2m | [22m

[1mLazy chunk files[22m   [2m | [22m[1mNames[22m         [2m | [22m [1mRaw size[22m
[32mchunk-CUANSDNQ.js[39m  [2m | [22m[2mproducts[22m      [2m | [22m [36m99.57 kB[39m[2m | [22m
[32mchunk-OOGIZGXJ.js[39m  [2m | [22m[2mdashboard[22m     [2m | [22m [36m81.81 kB[39m[2m | [22m
[32mchunk-RGKIM7AO.js[39m  [2m | [22m[2morders[22m        [2m | [22m [36m65.86 kB[39m[2m | [22m
[32mchunk-CAOTZU36.js[39m  [2m | [22m[2mstore[22m         [2m | [22m [36m62.35 kB[39m[2m | [22m
[32mchunk-3DVTQ5ZU.js[39m  [2m | [22m[2minventory[22m     [2m | [22m [36m53.49 kB[39m[2m | [22m
[32mchunk-YTQXX3RV.js[39m  [2m | [22m[2mproducts[22m      [2m | [22m [36m51.12 kB[39m[2m | [22m
[32mchunk-MVSNCATE.js[39m  [2m | [22m[2mproduct-detail[22m[2m | [22m [36m47.63 kB[39m[2m | [22m
[32mchunk-ULXDQNYU.js[39m  [2m | [22m[2mhome[22m          [2m | [22m [36m47.41 kB[39m[2m | [22m
[32mchunk-CAZJU4KB.js[39m  [2m | [22m[2mcustomers[22m     [2m | [22m [36m44.90 kB[39m[2m | [22m
[32mchunk-OIEY5D77.js[39m  [2m | [22m[2msettings[22m      [2m | [22m [36m42.76 kB[39m[2m | [22m
[32mchunk-Q4HYVOI2.js[39m  [2m | [22m[2mchat[22m          [2m | [22m [36m38.40 kB[39m[2m | [22m
[32mchunk-JELSP5DW.js[39m  [2m | [22m[2mimports[22m       [2m | [22m [36m36.80 kB[39m[2m | [22m
[32mchunk-SCPEKMAJ.js[39m  [2m | [22m[2msales[22m         [2m | [22m [36m28.23 kB[39m[2m | [22m
[32mchunk-ABRYCKNQ.js[39m  [2m | [22m[2mpayments[22m      [2m | [22m [36m26.69 kB[39m[2m | [22m
[32mchunk-SJL73JAC.js[39m  [2m | [22m[2mexports[22m       [2m | [22m [36m26.65 kB[39m[2m | [22m
[2m...and 2 more lazy chunks files. Use "--verbose" to show all the files.[22m

Application bundle generation complete. [0.320 seconds] - 2026-06-01T10:03:54.593Z

Page reload sent to client(s).
[33m❯[39m Changes detected. Rebuilding...
[32m✔[39m Changes detected. Rebuilding...
[1mInitial chunk files[22m[2m | [22m[1mNames[22m[2m | [22m [1mRaw size[22m
[32mmain.js[39m            [2m | [22m[2mmain[22m [2m | [22m[36m859.54 kB[39m[2m | [22m

Application bundle generation complete. [2.976 seconds] - 2026-06-01T10:04:20.898Z

Component update sent to client(s).
[33m❯[39m Changes detected. Rebuilding...
[32m✔[39m Changes detected. Rebuilding...
[1mInitial chunk files[22m[2m | [22m[1mNames[22m[2m | [22m [1mRaw size[22m
[32mmain.js[39m            [2m | [22m[2mmain[22m [2m | [22m[36m859.50 kB[39m[2m | [22m

Application bundle generation complete. [2.998 seconds] - 2026-06-01T10:04:40.531Z

Component update sent to client(s).
[33m❯[39m Changes detected. Rebuilding...
[32m✔[39m Changes detected. Rebuilding...
[1mInitial chunk files[22m[2m | [22m[1mNames[22m[2m | [22m [1mRaw size[22m
[32mmain.js[39m            [2m | [22m[2mmain[22m [2m | [22m[36m860.08 kB[39m[2m | [22m

Application bundle generation complete. [2.959 seconds] - 2026-06-01T10:10:37.552Z

Page reload sent to client(s).
[33m❯[39m Changes detected. Rebuilding...
[32m✔[39m Changes detected. Rebuilding...
[1mInitial chunk files[22m[2m | [22m[1mNames[22m[2m | [22m [1mRaw size[22m
[32mmain.js[39m            [2m | [22m[2mmain[22m [2m | [22m[36m860.03 kB[39m[2m | [22m

Application bundle generation complete. [3.078 seconds] - 2026-06-01T10:10:42.035Z

Component update sent to client(s).
[33m❯[39m Changes detected. Rebuilding...
[32m✔[39m Changes detected. Rebuilding...
[1mInitial chunk files[22m[2m | [22m[1mNames[22m[2m | [22m [1mRaw size[22m
[32mmain.js[39m            [2m | [22m[2mmain[22m [2m | [22m[36m869.05 kB[39m[2m | [22m

Application bundle generation complete. [3.432 seconds] - 2026-06-01T10:11:46.910Z

Component update sent to client(s).
[33m❯[39m Changes detected. Rebuilding...
[32m✔[39m Changes detected. Rebuilding...
Application bundle generation failed. [0.276 seconds] - 2026-06-01T10:11:50.104Z

[33m❯[39m Changes detected. Rebuilding...
[32m✔[39m Changes detected. Rebuilding...
Application bundle generation failed. [0.554 seconds] - 2026-06-01T10:14:59.516Z

[33m❯[39m Changes detected. Rebuilding...
[32m✔[39m Changes detected. Rebuilding...
Application bundle generation failed. [0.591 seconds] - 2026-06-01T10:15:08.776Z

[33m❯[39m Changes detected. Rebuilding...
[32m✔[39m Changes detected. Rebuilding...
Application bundle generation failed. [0.737 seconds] - 2026-06-01T10:15:26.370Z

[33m❯[39m Changes detected. Rebuilding...
[32m✔[39m Changes detected. Rebuilding...
[1mInitial chunk files[22m[2m | [22m[1mNames[22m         [2m | [22m [1mRaw size[22m
[32mmain.js[39m            [2m | [22m[2mmain[22m          [2m | [22m[36m871.89 kB[39m[2m | [22m
[32mchunk-BAB56AD5.js[39m  [2m | [22m[2m-[22m             [2m | [22m [36m42.05 kB[39m[2m | [22m
[32mchunk-QPAUPQHP.js[39m  [2m | [22m[2m-[22m             [2m | [22m [36m23.82 kB[39m[2m | [22m
[32mstyles.css[39m         [2m | [22m[2mstyles[22m        [2m | [22m  [36m4.30 kB[39m[2m | [22m
[32mchunk-44MVKM6K.js[39m  [2m | [22m[2m-[22m             [2m | [22m  [36m1.07 kB[39m[2m | [22m

[1m [22m                  [2m | [22m[1mInitial total[22m [2m | [22m[1m943.13 kB[22m

[1mLazy chunk files[22m   [2m | [22m[1mNames[22m         [2m | [22m [1mRaw size[22m
[32mchunk-4QXTREGM.js[39m  [2m | [22m[2mcheckout[22m      [2m | [22m[36m146.19 kB[39m[2m | [22m
[32mchunk-CUANSDNQ.js[39m  [2m | [22m[2mproducts[22m      [2m | [22m [36m99.57 kB[39m[2m | [22m
[32mchunk-OOGIZGXJ.js[39m  [2m | [22m[2mdashboard[22m     [2m | [22m [36m81.81 kB[39m[2m | [22m
[32mchunk-N5GCF7UF.js[39m  [2m | [22m[2mprofile[22m       [2m | [22m [36m80.61 kB[39m[2m | [22m
[32mchunk-RGKIM7AO.js[39m  [2m | [22m[2morders[22m        [2m | [22m [36m65.86 kB[39m[2m | [22m
[32mchunk-CAOTZU36.js[39m  [2m | [22m[2mstore[22m         [2m | [22m [36m62.35 kB[39m[2m | [22m
[32mchunk-HM3IITO4.js[39m  [2m | [22m[2morders[22m        [2m | [22m [36m58.37 kB[39m[2m | [22m
[32mchunk-AV4QTHHO.js[39m  [2m | [22m[2maccount[22m       [2m | [22m [36m53.85 kB[39m[2m | [22m
[32mchunk-3DVTQ5ZU.js[39m  [2m | [22m[2minventory[22m     [2m | [22m [36m53.49 kB[39m[2m | [22m
[32mchunk-YTQXX3RV.js[39m  [2m | [22m[2mproducts[22m      [2m | [22m [36m51.12 kB[39m[2m | [22m
[32mchunk-MVSNCATE.js[39m  [2m | [22m[2mproduct-detail[22m[2m | [22m [36m47.63 kB[39m[2m | [22m
[32mchunk-ULXDQNYU.js[39m  [2m | [22m[2mhome[22m          [2m | [22m [36m47.41 kB[39m[2m | [22m
[32mchunk-CAZJU4KB.js[39m  [2m | [22m[2mcustomers[22m     [2m | [22m [36m44.90 kB[39m[2m | [22m
[32mchunk-OIEY5D77.js[39m  [2m | [22m[2msettings[22m      [2m | [22m [36m42.76 kB[39m[2m | [22m
[32mchunk-XPPGTJYQ.js[39m  [2m | [22m[2mchat[22m          [2m | [22m [36m38.49 kB[39m[2m | [22m
[2m...and 9 more lazy chunks files. Use "--verbose" to show all the files.[22m

Application bundle generation complete. [3.126 seconds] - 2026-06-01T10:17:04.926Z

Page reload sent to client(s).
[33m❯[39m Changes detected. Rebuilding...
[32m✔[39m Changes detected. Rebuilding...
[1mInitial chunk files[22m[2m | [22m[1mNames[22m [2m | [22m [1mRaw size[22m
[32mmain.js[39m            [2m | [22m[2mmain[22m  [2m | [22m[36m838.35 kB[39m[2m | [22m
[32mchunk-KNKTVRWC.js[39m  [2m | [22m[2m-[22m     [2m | [22m [36m33.76 kB[39m[2m | [22m

[1mLazy chunk files[22m   [2m | [22m[1mNames[22m [2m | [22m [1mRaw size[22m
[32mchunk-KPYKPT2E.js[39m  [2m | [22m[2mstores[22m[2m | [22m [36m39.04 kB[39m[2m | [22m

Application bundle generation complete. [3.653 seconds] - 2026-06-01T10:30:36.958Z

Page reload sent to client(s).
[33m❯[39m Changes detected. Rebuilding...
[32m✔[39m Changes detected. Rebuilding...
Application bundle generation failed. [0.270 seconds] - 2026-06-01T10:30:37.236Z

[33m❯[39m Changes detected. Rebuilding...
[32m✔[39m Changes detected. Rebuilding...
[1mInitial chunk files[22m[2m | [22m[1mNames[22m         [2m | [22m [1mRaw size[22m
[32mmain.js[39m            [2m | [22m[2mmain[22m          [2m | [22m[36m838.99 kB[39m[2m | [22m
[32mchunk-BAB56AD5.js[39m  [2m | [22m[2m-[22m             [2m | [22m [36m42.05 kB[39m[2m | [22m
[32mchunk-KNKTVRWC.js[39m  [2m | [22m[2m-[22m             [2m | [22m [36m33.76 kB[39m[2m | [22m
[32mchunk-QPAUPQHP.js[39m  [2m | [22m[2m-[22m             [2m | [22m [36m23.82 kB[39m[2m | [22m
[32mstyles.css[39m         [2m | [22m[2mstyles[22m        [2m | [22m  [36m4.30 kB[39m[2m | [22m
[32mchunk-44MVKM6K.js[39m  [2m | [22m[2m-[22m             [2m | [22m  [36m1.07 kB[39m[2m | [22m

[1m [22m                  [2m | [22m[1mInitial total[22m [2m | [22m[1m943.99 kB[22m

[1mLazy chunk files[22m   [2m | [22m[1mNames[22m         [2m | [22m [1mRaw size[22m
[32mchunk-4QXTREGM.js[39m  [2m | [22m[2mcheckout[22m      [2m | [22m[36m146.19 kB[39m[2m | [22m
[32mchunk-CUANSDNQ.js[39m  [2m | [22m[2mproducts[22m      [2m | [22m [36m99.57 kB[39m[2m | [22m
[32mchunk-OOGIZGXJ.js[39m  [2m | [22m[2mdashboard[22m     [2m | [22m [36m81.81 kB[39m[2m | [22m
[32mchunk-N5GCF7UF.js[39m  [2m | [22m[2mprofile[22m       [2m | [22m [36m80.61 kB[39m[2m | [22m
[32mchunk-RGKIM7AO.js[39m  [2m | [22m[2morders[22m        [2m | [22m [36m65.86 kB[39m[2m | [22m
[32mchunk-CAOTZU36.js[39m  [2m | [22m[2mstore[22m         [2m | [22m [36m62.35 kB[39m[2m | [22m
[32mchunk-HM3IITO4.js[39m  [2m | [22m[2morders[22m        [2m | [22m [36m58.37 kB[39m[2m | [22m
[32mchunk-AV4QTHHO.js[39m  [2m | [22m[2maccount[22m       [2m | [22m [36m53.85 kB[39m[2m | [22m
[32mchunk-3DVTQ5ZU.js[39m  [2m | [22m[2minventory[22m     [2m | [22m [36m53.49 kB[39m[2m | [22m
[32mchunk-YTQXX3RV.js[39m  [2m | [22m[2mproducts[22m      [2m | [22m [36m51.12 kB[39m[2m | [22m
[32mchunk-MVSNCATE.js[39m  [2m | [22m[2mproduct-detail[22m[2m | [22m [36m47.63 kB[39m[2m | [22m
[32mchunk-ULXDQNYU.js[39m  [2m | [22m[2mhome[22m          [2m | [22m [36m47.41 kB[39m[2m | [22m
[32mchunk-CAZJU4KB.js[39m  [2m | [22m[2mcustomers[22m     [2m | [22m [36m44.90 kB[39m[2m | [22m
[32mchunk-OIEY5D77.js[39m  [2m | [22m[2msettings[22m      [2m | [22m [36m42.76 kB[39m[2m | [22m
[32mchunk-KPYKPT2E.js[39m  [2m | [22m[2mstores[22m        [2m | [22m [36m39.04 kB[39m[2m | [22m
[2m...and 10 more lazy chunks files. Use "--verbose" to show all the files.[22m

Application bundle generation complete. [0.405 seconds] - 2026-06-01T10:30:44.510Z

Page reload sent to client(s).
[33m❯[39m Changes detected. Rebuilding...
[32m✔[39m Changes detected. Rebuilding...
[1mInitial chunk files[22m[2m | [22m[1mNames[22m[2m | [22m [1mRaw size[22m
[32mmain.js[39m            [2m | [22m[2mmain[22m [2m | [22m[36m840.15 kB[39m[2m | [22m

Application bundle generation complete. [0.424 seconds] - 2026-06-01T10:30:54.981Z

Component update sent to client(s).
[33m❯[39m Changes detected. Rebuilding...
[32m✔[39m Changes detected. Rebuilding...
[1mInitial chunk files[22m[2m | [22m[1mNames[22m[2m | [22m [1mRaw size[22m
[32mmain.js[39m            [2m | [22m[2mmain[22m [2m | [22m[36m840.32 kB[39m[2m | [22m

Application bundle generation complete. [0.324 seconds] - 2026-06-01T10:30:58.967Z

Component update sent to client(s).
[33m❯[39m Changes detected. Rebuilding...
[32m✔[39m Changes detected. Rebuilding...
Application bundle generation failed. [0.310 seconds] - 2026-06-01T10:31:03.033Z

[33m❯[39m Changes detected. Rebuilding...
[32m✔[39m Changes detected. Rebuilding...
Application bundle generation failed. [0.363 seconds] - 2026-06-01T10:31:07.741Z

[33m❯[39m Changes detected. Rebuilding...
[32m✔[39m Changes detected. Rebuilding...
Application bundle generation failed. [0.367 seconds] - 2026-06-01T10:31:21.006Z

[33m❯[39m Changes detected. Rebuilding...
[32m✔[39m Changes detected. Rebuilding...
Application bundle generation failed. [0.275 seconds] - 2026-06-01T10:31:26.251Z

[33m❯[39m Changes detected. Rebuilding...
[32m✔[39m Changes detected. Rebuilding...
Application bundle generation failed. [0.282 seconds] - 2026-06-01T10:31:31.977Z

[33m❯[39m Changes detected. Rebuilding...
[32m✔[39m Changes detected. Rebuilding...
Application bundle generation failed. [0.307 seconds] - 2026-06-01T10:31:41.089Z

[33m❯[39m Changes detected. Rebuilding...
[32m✔[39m Changes detected. Rebuilding...
[1mInitial chunk files[22m[2m | [22m[1mNames[22m         [2m | [22m [1mRaw size[22m
[32mmain.js[39m            [2m | [22m[2mmain[22m          [2m | [22m[36m840.32 kB[39m[2m | [22m
[32mchunk-BAB56AD5.js[39m  [2m | [22m[2m-[22m             [2m | [22m [36m42.05 kB[39m[2m | [22m
[32mchunk-KNKTVRWC.js[39m  [2m | [22m[2m-[22m             [2m | [22m [36m33.76 kB[39m[2m | [22m
[32mchunk-QPAUPQHP.js[39m  [2m | [22m[2m-[22m             [2m | [22m [36m23.82 kB[39m[2m | [22m
[32mstyles.css[39m         [2m | [22m[2mstyles[22m        [2m | [22m  [36m4.30 kB[39m[2m | [22m
[32mchunk-44MVKM6K.js[39m  [2m | [22m[2m-[22m             [2m | [22m  [36m1.07 kB[39m[2m | [22m

[1m [22m                  [2m | [22m[1mInitial total[22m [2m | [22m[1m945.32 kB[22m

[1mLazy chunk files[22m   [2m | [22m[1mNames[22m         [2m | [22m [1mRaw size[22m
[32mchunk-4QXTREGM.js[39m  [2m | [22m[2mcheckout[22m      [2m | [22m[36m146.19 kB[39m[2m | [22m
[32mchunk-CUANSDNQ.js[39m  [2m | [22m[2mproducts[22m      [2m | [22m [36m99.57 kB[39m[2m | [22m
[32mchunk-OOGIZGXJ.js[39m  [2m | [22m[2mdashboard[22m     [2m | [22m [36m81.81 kB[39m[2m | [22m
[32mchunk-N5GCF7UF.js[39m  [2m | [22m[2mprofile[22m       [2m | [22m [36m80.61 kB[39m[2m | [22m
[32mchunk-LXTBVDD4.js[39m  [2m | [22m[2mproducts[22m      [2m | [22m [36m66.48 kB[39m[2m | [22m
[32mchunk-RGKIM7AO.js[39m  [2m | [22m[2morders[22m        [2m | [22m [36m65.86 kB[39m[2m | [22m
[32mchunk-CAOTZU36.js[39m  [2m | [22m[2mstore[22m         [2m | [22m [36m62.35 kB[39m[2m | [22m
[32mchunk-XCBVJOED.js[39m  [2m | [22m[2mhome[22m          [2m | [22m [36m59.86 kB[39m[2m | [22m
[32mchunk-HM3IITO4.js[39m  [2m | [22m[2morders[22m        [2m | [22m [36m58.37 kB[39m[2m | [22m
[32mchunk-AV4QTHHO.js[39m  [2m | [22m[2maccount[22m       [2m | [22m [36m53.85 kB[39m[2m | [22m
[32mchunk-3DVTQ5ZU.js[39m  [2m | [22m[2minventory[22m     [2m | [22m [36m53.49 kB[39m[2m | [22m
[32mchunk-MVSNCATE.js[39m  [2m | [22m[2mproduct-detail[22m[2m | [22m [36m47.63 kB[39m[2m | [22m
[32mchunk-CAZJU4KB.js[39m  [2m | [22m[2mcustomers[22m     [2m | [22m [36m44.90 kB[39m[2m | [22m
[32mchunk-OIEY5D77.js[39m  [2m | [22m[2msettings[22m      [2m | [22m [36m42.76 kB[39m[2m | [22m
[32mchunk-KPYKPT2E.js[39m  [2m | [22m[2mstores[22m        [2m | [22m [36m39.04 kB[39m[2m | [22m
[2m...and 10 more lazy chunks files. Use "--verbose" to show all the files.[22m

Application bundle generation complete. [0.350 seconds] - 2026-06-01T10:33:10.633Z

Page reload sent to client(s).
[33m❯[39m Changes detected. Rebuilding...
[32m✔[39m Changes detected. Rebuilding...
[1mInitial chunk files[22m[2m | [22m[1mNames[22m         [2m | [22m [1mRaw size[22m
[32mmain.js[39m            [2m | [22m[2mmain[22m          [2m | [22m[36m840.32 kB[39m[2m | [22m
[32mchunk-TDRA5QDU.js[39m  [2m | [22m[2m-[22m             [2m | [22m [36m23.87 kB[39m[2m | [22m

[1mLazy chunk files[22m   [2m | [22m[1mNames[22m         [2m | [22m [1mRaw size[22m
[32mchunk-2WYPUCO3.js[39m  [2m | [22m[2mcheckout[22m      [2m | [22m[36m146.19 kB[39m[2m | [22m
[32mchunk-A23M43LC.js[39m  [2m | [22m[2mprofile[22m       [2m | [22m [36m80.61 kB[39m[2m | [22m
[32mchunk-5TCPUXCV.js[39m  [2m | [22m[2mproducts[22m      [2m | [22m [36m66.48 kB[39m[2m | [22m
[32mchunk-ICJLIKSA.js[39m  [2m | [22m[2mhome[22m          [2m | [22m [36m59.86 kB[39m[2m | [22m
[32mchunk-R5VBGF3T.js[39m  [2m | [22m[2morders[22m        [2m | [22m [36m58.37 kB[39m[2m | [22m
[32mchunk-MKH7QGET.js[39m  [2m | [22m[2maccount[22m       [2m | [22m [36m53.85 kB[39m[2m | [22m
[32mchunk-SM45WHS2.js[39m  [2m | [22m[2mproduct-detail[22m[2m | [22m [36m47.63 kB[39m[2m | [22m
[32mchunk-YZ7RC3HF.js[39m  [2m | [22m[2mchat[22m          [2m | [22m [36m38.49 kB[39m[2m | [22m
[32mchunk-UUZL5DU3.js[39m  [2m | [22m[2mcart[22m          [2m | [22m [36m33.21 kB[39m[2m | [22m
[32mchunk-PWCZMXG6.js[39m  [2m | [22m[2mnotifications[22m [2m | [22m [36m25.71 kB[39m[2m | [22m
[32mchunk-QC7BK2J4.js[39m  [2m | [22m[2mfavorites[22m     [2m | [22m [36m18.93 kB[39m[2m | [22m

Application bundle generation complete. [0.308 seconds] - 2026-06-01T10:39:17.001Z

Page reload sent to client(s).
[33m❯[39m Changes detected. Rebuilding...
[32m✔[39m Changes detected. Rebuilding...
Application bundle generation failed. [0.453 seconds] - 2026-06-01T10:41:35.482Z

[33m❯[39m Changes detected. Rebuilding...
[32m✔[39m Changes detected. Rebuilding...
[1mInitial chunk files[22m[2m | [22m[1mNames[22m         [2m | [22m [1mRaw size[22m
[32mmain.js[39m            [2m | [22m[2mmain[22m          [2m | [22m[36m840.32 kB[39m[2m | [22m
[32mchunk-BAB56AD5.js[39m  [2m | [22m[2m-[22m             [2m | [22m [36m42.05 kB[39m[2m | [22m
[32mchunk-KNKTVRWC.js[39m  [2m | [22m[2m-[22m             [2m | [22m [36m33.76 kB[39m[2m | [22m
[32mchunk-TDRA5QDU.js[39m  [2m | [22m[2m-[22m             [2m | [22m [36m23.87 kB[39m[2m | [22m
[32mstyles.css[39m         [2m | [22m[2mstyles[22m        [2m | [22m  [36m4.30 kB[39m[2m | [22m
[32mchunk-44MVKM6K.js[39m  [2m | [22m[2m-[22m             [2m | [22m  [36m1.07 kB[39m[2m | [22m

[1m [22m                  [2m | [22m[1mInitial total[22m [2m | [22m[1m945.37 kB[22m

[1mLazy chunk files[22m   [2m | [22m[1mNames[22m         [2m | [22m [1mRaw size[22m
[32mchunk-2WYPUCO3.js[39m  [2m | [22m[2mcheckout[22m      [2m | [22m[36m146.19 kB[39m[2m | [22m
[32mchunk-CUANSDNQ.js[39m  [2m | [22m[2mproducts[22m      [2m | [22m [36m99.57 kB[39m[2m | [22m
[32mchunk-OOGIZGXJ.js[39m  [2m | [22m[2mdashboard[22m     [2m | [22m [36m81.81 kB[39m[2m | [22m
[32mchunk-A23M43LC.js[39m  [2m | [22m[2mprofile[22m       [2m | [22m [36m80.61 kB[39m[2m | [22m
[32mchunk-YAHALR7H.js[39m  [2m | [22m[2mproducts[22m      [2m | [22m [36m66.94 kB[39m[2m | [22m
[32mchunk-RGKIM7AO.js[39m  [2m | [22m[2morders[22m        [2m | [22m [36m65.86 kB[39m[2m | [22m
[32mchunk-CAOTZU36.js[39m  [2m | [22m[2mstore[22m         [2m | [22m [36m62.35 kB[39m[2m | [22m
[32mchunk-ICJLIKSA.js[39m  [2m | [22m[2mhome[22m          [2m | [22m [36m59.86 kB[39m[2m | [22m
[32mchunk-R5VBGF3T.js[39m  [2m | [22m[2morders[22m        [2m | [22m [36m58.37 kB[39m[2m | [22m
[32mchunk-MKH7QGET.js[39m  [2m | [22m[2maccount[22m       [2m | [22m [36m53.85 kB[39m[2m | [22m
[32mchunk-3DVTQ5ZU.js[39m  [2m | [22m[2minventory[22m     [2m | [22m [36m53.49 kB[39m[2m | [22m
[32mchunk-SM45WHS2.js[39m  [2m | [22m[2mproduct-detail[22m[2m | [22m [36m47.63 kB[39m[2m | [22m
[32mchunk-CAZJU4KB.js[39m  [2m | [22m[2mcustomers[22m     [2m | [22m [36m44.90 kB[39m[2m | [22m
[32mchunk-OIEY5D77.js[39m  [2m | [22m[2msettings[22m      [2m | [22m [36m42.76 kB[39m[2m | [22m
[32mchunk-KPYKPT2E.js[39m  [2m | [22m[2mstores[22m        [2m | [22m [36m39.04 kB[39m[2m | [22m
[2m...and 10 more lazy chunks files. Use "--verbose" to show all the files.[22m

Application bundle generation complete. [0.409 seconds] - 2026-06-01T10:41:40.513Z

Page reload sent to client(s).
[33m❯[39m Changes detected. Rebuilding...
[32m✔[39m Changes detected. Rebuilding...
[1mInitial chunk files[22m[2m | [22m[1mNames[22m   [2m | [22m [1mRaw size[22m
[32mmain.js[39m            [2m | [22m[2mmain[22m    [2m | [22m[36m840.32 kB[39m[2m | [22m
[32mchunk-NWV3G4SM.js[39m  [2m | [22m[2m-[22m       [2m | [22m [36m33.89 kB[39m[2m | [22m

[1mLazy chunk files[22m   [2m | [22m[1mNames[22m   [2m | [22m [1mRaw size[22m
[32mchunk-5SXRMK5B.js[39m  [2m | [22m[2mproducts[22m[2m | [22m [36m66.94 kB[39m[2m | [22m
[32mchunk-7QQJOMN3.js[39m  [2m | [22m[2mhome[22m    [2m | [22m [36m59.86 kB[39m[2m | [22m
[32mchunk-Q5LD5OIY.js[39m  [2m | [22m[2mstores[22m  [2m | [22m [36m39.04 kB[39m[2m | [22m

Application bundle generation complete. [0.407 seconds] - 2026-06-01T10:49:05.147Z

Page reload sent to client(s).
[33m❯[39m Changes detected. Rebuilding...
[32m✔[39m Changes detected. Rebuilding...
[1mInitial chunk files[22m[2m | [22m[1mNames[22m[2m | [22m [1mRaw size[22m
[32mmain.js[39m            [2m | [22m[2mmain[22m [2m | [22m[36m840.47 kB[39m[2m | [22m

Application bundle generation complete. [0.400 seconds] - 2026-06-01T10:49:12.113Z

Page reload sent to client(s).
[33m❯[39m Changes detected. Rebuilding...
[32m✔[39m Changes detected. Rebuilding...
[1mInitial chunk files[22m[2m | [22m[1mNames[22m         [2m | [22m [1mRaw size[22m
[32mmain.js[39m            [2m | [22m[2mmain[22m          [2m | [22m[36m840.47 kB[39m[2m | [22m

[1mLazy chunk files[22m   [2m | [22m[1mNames[22m         [2m | [22m [1mRaw size[22m
[32mchunk-WZGUHNA2.js[39m  [2m | [22m[2mproduct-detail[22m[2m | [22m [36m48.89 kB[39m[2m | [22m

Application bundle generation complete. [0.325 seconds] - 2026-06-01T10:49:22.931Z

Page reload sent to client(s).
[33m❯[39m Changes detected. Rebuilding...
[32m✔[39m Changes detected. Rebuilding...
[1mInitial chunk files[22m[2m | [22m[1mNames[22m         [2m | [22m [1mRaw size[22m
[32mmain.js[39m            [2m | [22m[2mmain[22m          [2m | [22m[36m840.47 kB[39m[2m | [22m
[32mchunk-I77BODWD.js[39m  [2m | [22m[2m-[22m             [2m | [22m [36m23.98 kB[39m[2m | [22m

[1mLazy chunk files[22m   [2m | [22m[1mNames[22m         [2m | [22m [1mRaw size[22m
[32mchunk-WPI5BUPW.js[39m  [2m | [22m[2mcheckout[22m      [2m | [22m[36m146.19 kB[39m[2m | [22m
[32mchunk-UYLMLLQB.js[39m  [2m | [22m[2mprofile[22m       [2m | [22m [36m80.61 kB[39m[2m | [22m
[32mchunk-FFWN34NK.js[39m  [2m | [22m[2mproducts[22m      [2m | [22m [36m66.94 kB[39m[2m | [22m
[32mchunk-6JO2OADQ.js[39m  [2m | [22m[2mhome[22m          [2m | [22m [36m59.86 kB[39m[2m | [22m
[32mchunk-NPXUAFJW.js[39m  [2m | [22m[2morders[22m        [2m | [22m [36m58.37 kB[39m[2m | [22m
[32mchunk-OZ4HFW7H.js[39m  [2m | [22m[2maccount[22m       [2m | [22m [36m53.85 kB[39m[2m | [22m
[32mchunk-L2Z5UDMX.js[39m  [2m | [22m[2mproduct-detail[22m[2m | [22m [36m48.89 kB[39m[2m | [22m
[32mchunk-THHUOVPG.js[39m  [2m | [22m[2mchat[22m          [2m | [22m [36m38.49 kB[39m[2m | [22m
[32mchunk-SLC74GMB.js[39m  [2m | [22m[2mcart[22m          [2m | [22m [36m33.21 kB[39m[2m | [22m
[32mchunk-BSR4AONA.js[39m  [2m | [22m[2mnotifications[22m [2m | [22m [36m25.71 kB[39m[2m | [22m
[32mchunk-BKKYKY2S.js[39m  [2m | [22m[2mfavorites[22m     [2m | [22m [36m18.93 kB[39m[2m | [22m

Application bundle generation complete. [0.231 seconds] - 2026-06-01T10:49:29.072Z

Page reload sent to client(s).
[33m❯[39m Changes detected. Rebuilding...
[32m✔[39m Changes detected. Rebuilding...
[1mInitial chunk files[22m[2m | [22m[1mNames[22m         [2m | [22m [1mRaw size[22m
[32mmain.js[39m            [2m | [22m[2mmain[22m          [2m | [22m[36m840.47 kB[39m[2m | [22m
[32mchunk-C7CZBF7V.js[39m  [2m | [22m[2m-[22m             [2m | [22m [36m24.62 kB[39m[2m | [22m

[1mLazy chunk files[22m   [2m | [22m[1mNames[22m         [2m | [22m [1mRaw size[22m
[32mchunk-G62FPZ3J.js[39m  [2m | [22m[2mcheckout[22m      [2m | [22m[36m146.19 kB[39m[2m | [22m
[32mchunk-WMM7HUY4.js[39m  [2m | [22m[2mprofile[22m       [2m | [22m [36m80.61 kB[39m[2m | [22m
[32mchunk-HRERPSBF.js[39m  [2m | [22m[2mproducts[22m      [2m | [22m [36m66.94 kB[39m[2m | [22m
[32mchunk-LU4FFS4J.js[39m  [2m | [22m[2mhome[22m          [2m | [22m [36m59.86 kB[39m[2m | [22m
[32mchunk-ARZYCOVD.js[39m  [2m | [22m[2morders[22m        [2m | [22m [36m58.37 kB[39m[2m | [22m
[32mchunk-WHQQMRYQ.js[39m  [2m | [22m[2maccount[22m       [2m | [22m [36m53.85 kB[39m[2m | [22m
[32mchunk-SGTLQ4JY.js[39m  [2m | [22m[2mproduct-detail[22m[2m | [22m [36m48.89 kB[39m[2m | [22m
[32mchunk-6DVWA7OI.js[39m  [2m | [22m[2mchat[22m          [2m | [22m [36m38.49 kB[39m[2m | [22m
[32mchunk-GMUYBFSV.js[39m  [2m | [22m[2mcart[22m          [2m | [22m [36m33.21 kB[39m[2m | [22m
[32mchunk-27VZH4SO.js[39m  [2m | [22m[2mnotifications[22m [2m | [22m [36m25.71 kB[39m[2m | [22m
[32mchunk-IMSZ65QE.js[39m  [2m | [22m[2mfavorites[22m     [2m | [22m [36m18.93 kB[39m[2m | [22m

Application bundle generation complete. [0.319 seconds] - 2026-06-01T10:50:23.400Z

Page reload sent to client(s).
[33m❯[39m Changes detected. Rebuilding...
[32m✔[39m Changes detected. Rebuilding...
[1mInitial chunk files[22m[2m | [22m[1mNames[22m   [2m | [22m [1mRaw size[22m
[32mmain.js[39m            [2m | [22m[2mmain[22m    [2m | [22m[36m840.47 kB[39m[2m | [22m

[1mLazy chunk files[22m   [2m | [22m[1mNames[22m   [2m | [22m [1mRaw size[22m
[32mchunk-NZYUEKI4.js[39m  [2m | [22m[2mproducts[22m[2m | [22m [36m66.97 kB[39m[2m | [22m

Application bundle generation complete. [0.378 seconds] - 2026-06-01T10:50:28.022Z

Page reload sent to client(s).
[33m❯[39m Changes detected. Rebuilding...
[32m✔[39m Changes detected. Rebuilding...
[1mInitial chunk files[22m[2m | [22m[1mNames[22m[2m | [22m [1mRaw size[22m
[32mmain.js[39m            [2m | [22m[2mmain[22m [2m | [22m[36m840.47 kB[39m[2m | [22m

[1mLazy chunk files[22m   [2m | [22m[1mNames[22m[2m | [22m [1mRaw size[22m
[32mchunk-R3NPQ3LL.js[39m  [2m | [22m[2mhome[22m [2m | [22m [36m59.90 kB[39m[2m | [22m

Application bundle generation complete. [0.300 seconds] - 2026-06-01T10:50:30.732Z

Page reload sent to client(s).
[33m❯[39m Changes detected. Rebuilding...
[32m✔[39m Changes detected. Rebuilding...
[1mInitial chunk files[22m[2m | [22m[1mNames[22m         [2m | [22m [1mRaw size[22m
[32mmain.js[39m            [2m | [22m[2mmain[22m          [2m | [22m[36m840.47 kB[39m[2m | [22m

[1mLazy chunk files[22m   [2m | [22m[1mNames[22m         [2m | [22m [1mRaw size[22m
[32mchunk-3YTUL4AW.js[39m  [2m | [22m[2mproduct-detail[22m[2m | [22m [36m48.93 kB[39m[2m | [22m

Application bundle generation complete. [0.350 seconds] - 2026-06-01T10:50:40.771Z

Page reload sent to client(s).
[33m❯[39m Changes detected. Rebuilding...
[32m✔[39m Changes detected. Rebuilding...
[1mInitial chunk files[22m[2m | [22m[1mNames[22m    [2m | [22m [1mRaw size[22m
[32mmain.js[39m            [2m | [22m[2mmain[22m     [2m | [22m[36m840.47 kB[39m[2m | [22m

[1mLazy chunk files[22m   [2m | [22m[1mNames[22m    [2m | [22m [1mRaw size[22m
[32mchunk-GBL3HVPC.js[39m  [2m | [22m[2mfavorites[22m[2m | [22m [36m18.97 kB[39m[2m | [22m

Application bundle generation complete. [0.258 seconds] - 2026-06-01T10:50:43.477Z

Page reload sent to client(s).
[33m❯[39m Changes detected. Rebuilding...
[32m✔[39m Changes detected. Rebuilding...
[1mInitial chunk files[22m[2m | [22m[1mNames[22m[2m | [22m [1mRaw size[22m
[32mmain.js[39m            [2m | [22m[2mmain[22m [2m | [22m[36m843.51 kB[39m[2m | [22m

Application bundle generation complete. [0.345 seconds] - 2026-06-01T10:50:49.917Z

Component update sent to client(s).
[33m❯[39m Changes detected. Rebuilding...
[32m✔[39m Changes detected. Rebuilding...
[1mInitial chunk files[22m[2m | [22m[1mNames[22m[2m | [22m [1mRaw size[22m
[32mmain.js[39m            [2m | [22m[2mmain[22m [2m | [22m[36m849.43 kB[39m[2m | [22m

Application bundle generation complete. [0.443 seconds] - 2026-06-01T10:50:57.664Z

Component update sent to client(s).
[33m❯[39m Changes detected. Rebuilding...
[32m✔[39m Changes detected. Rebuilding...
[1mInitial chunk files[22m[2m | [22m[1mNames[22m         [2m | [22m [1mRaw size[22m
[32mmain.js[39m            [2m | [22m[2mmain[22m          [2m | [22m[36m849.43 kB[39m[2m | [22m
[32mchunk-C27CYPKI.js[39m  [2m | [22m[2m-[22m             [2m | [22m [36m24.94 kB[39m[2m | [22m

[1mLazy chunk files[22m   [2m | [22m[1mNames[22m         [2m | [22m [1mRaw size[22m
[32mchunk-6GTUYYKI.js[39m  [2m | [22m[2mcheckout[22m      [2m | [22m[36m146.19 kB[39m[2m | [22m
[32mchunk-5ORBH23C.js[39m  [2m | [22m[2mprofile[22m       [2m | [22m [36m80.61 kB[39m[2m | [22m
[32mchunk-X5X4BMOL.js[39m  [2m | [22m[2mproducts[22m      [2m | [22m [36m66.97 kB[39m[2m | [22m
[32mchunk-36E43BTY.js[39m  [2m | [22m[2mhome[22m          [2m | [22m [36m59.90 kB[39m[2m | [22m
[32mchunk-3WPQUP65.js[39m  [2m | [22m[2morders[22m        [2m | [22m [36m58.37 kB[39m[2m | [22m
[32mchunk-YLKUOT4Q.js[39m  [2m | [22m[2maccount[22m       [2m | [22m [36m53.85 kB[39m[2m | [22m
[32mchunk-QCTNMAH3.js[39m  [2m | [22m[2mproduct-detail[22m[2m | [22m [36m48.93 kB[39m[2m | [22m
[32mchunk-3PGPQ4CB.js[39m  [2m | [22m[2mchat[22m          [2m | [22m [36m38.49 kB[39m[2m | [22m
[32mchunk-ILXMCM5N.js[39m  [2m | [22m[2mcart[22m          [2m | [22m [36m33.21 kB[39m[2m | [22m
[32mchunk-ZX7UL5BD.js[39m  [2m | [22m[2mnotifications[22m [2m | [22m [36m25.71 kB[39m[2m | [22m
[32mchunk-QYW7YTGP.js[39m  [2m | [22m[2mfavorites[22m     [2m | [22m [36m18.97 kB[39m[2m | [22m

Application bundle generation complete. [0.251 seconds] - 2026-06-01T10:52:33.470Z

Page reload sent to client(s).
[33m❯[39m Changes detected. Rebuilding...
[32m✔[39m Changes detected. Rebuilding...
[1mInitial chunk files[22m[2m | [22m[1mNames[22m         [2m | [22m [1mRaw size[22m
[32mmain.js[39m            [2m | [22m[2mmain[22m          [2m | [22m[36m849.43 kB[39m[2m | [22m
[32mchunk-5C2FCTOC.js[39m  [2m | [22m[2m-[22m             [2m | [22m [36m40.54 kB[39m[2m | [22m

[1mLazy chunk files[22m   [2m | [22m[1mNames[22m         [2m | [22m [1mRaw size[22m
[32mchunk-VRYPCCXC.js[39m  [2m | [22m[2mproducts[22m      [2m | [22m [36m66.97 kB[39m[2m | [22m
[32mchunk-UIPOIY2T.js[39m  [2m | [22m[2mhome[22m          [2m | [22m [36m59.90 kB[39m[2m | [22m
[32mchunk-CXALAOOG.js[39m  [2m | [22m[2mproduct-detail[22m[2m | [22m [36m48.93 kB[39m[2m | [22m
[32mchunk-TGMG7S57.js[39m  [2m | [22m[2mstores[22m        [2m | [22m [36m39.04 kB[39m[2m | [22m

Application bundle generation complete. [0.268 seconds] - 2026-06-01T11:03:56.375Z

Page reload sent to client(s).
