[1m[31m[31m✘ [41;31m[[41;97mERROR[41;31m][0m [1mNG5002: Unexpected closing tag "div". It may happen when the tag has already been closed by another tag. For more info see https://www.w3.org/TR/html5/syntax.html#closing-elements-that-have-implied-end-tags[0m [1m[35m[plugin angular-compiler][0m

    src/app/components/admin/dashboard/dashboard.html:1373:8:
[37m      1373 │         [32m</div>[37m
           ╵         [32m~~~~~~[0m

  Error occurs in the template of component Dashboard.

    src/app/components/admin/dashboard/dashboard.ts:14:15:
[37m      14 │   templateUrl: [32m'./dashboard.html'[37m,
         ╵                [32m~~~~~~~~~~~~~~~~~~[0m


[31m✘ [41;31m[[41;97mERROR[41;31m][0m [1mNG5002: Unexpected closing tag "main". It may happen when the tag has already been closed by another tag. For more info see https://www.w3.org/TR/html5/syntax.html#closing-elements-that-have-implied-end-tags[0m [1m[35m[plugin angular-compiler][0m

    src/app/components/admin/dashboard/dashboard.html:2359:4:
[37m      2359 │     [32m</main>[37m
           ╵     [32m~~~~~~~[0m

  Error occurs in the template of component Dashboard.

    src/app/components/admin/dashboard/dashboard.ts:14:15:
[37m      14 │   templateUrl: [32m'./dashboard.html'[37m,
         ╵                [32m~~~~~~~~~~~~~~~~~~[0m


[31m✘ [41;31m[[41;97mERROR[41;31m][0m [1mNG5002: Unexpected closing tag "div". It may happen when the tag has already been closed by another tag. For more info see https://www.w3.org/TR/html5/syntax.html#closing-elements-that-have-implied-end-tags[0m [1m[35m[plugin angular-compiler][0m

    src/app/components/admin/dashboard/dashboard.html:2360:2:
[37m      2360 │   [32m</div>[37m
           ╵   [32m~~~~~~[0m

  Error occurs in the template of component Dashboard.

    src/app/components/admin/dashboard/dashboard.ts:14:15:
[37m      14 │   templateUrl: [32m'./dashboard.html'[37m,
         ╵                [32m~~~~~~~~~~~~~~~~~~[0m


[31m✘ [41;31m[[41;97mERROR[41;31m][0m [1mNG5002: Unexpected closing tag "div". It may happen when the tag has already been closed by another tag. For more info see https://www.w3.org/TR/html5/syntax.html#closing-elements-that-have-implied-end-tags[0m [1m[35m[plugin angular-compiler][0m

    src/app/components/admin/dashboard/dashboard.html:2361:0:
[37m      2361 │ [32m</div>[37m
           ╵ [32m~~~~~~[0m

  Error occurs in the template of component Dashboard.

    src/app/components/admin/dashboard/dashboard.ts:14:15:
[37m      14 │   templateUrl: [32m'./dashboard.html'[37m,
         ╵                [32m~~~~~~~~~~~~~~~~~~[0m

[39m[22m
[1m[31m[31m✘ [41;31m[[41;97mERROR[41;31m][0m [1mNG5002: Unexpected closing tag "div". It may happen when the tag has already been closed by another tag. For more info see https://www.w3.org/TR/html5/syntax.html#closing-elements-that-have-implied-end-tags[0m [1m[35m[plugin angular-compiler][0m

    src/app/components/admin/dashboard/dashboard.html:1373:8:
[37m      1373 │         [32m</div>[37m
           ╵         [32m~~~~~~[0m

  Error occurs in the template of component Dashboard.

    src/app/components/admin/dashboard/dashboard.ts:14:15:
[37m      14 │   templateUrl: [32m'./dashboard.html'[37m,
         ╵                [32m~~~~~~~~~~~~~~~~~~[0m


[31m✘ [41;31m[[41;97mERROR[41;31m][0m [1mNG5002: Unexpected closing tag "main". It may happen when the tag has already been closed by another tag. For more info see https://www.w3.org/TR/html5/syntax.html#closing-elements-that-have-implied-end-tags[0m [1m[35m[plugin angular-compiler][0m

    src/app/components/admin/dashboard/dashboard.html:2359:4:
[37m      2359 │     [32m</main>[37m
           ╵     [32m~~~~~~~[0m

  Error occurs in the template of component Dashboard.

    src/app/components/admin/dashboard/dashboard.ts:14:15:
[37m      14 │   templateUrl: [32m'./dashboard.html'[37m,
         ╵                [32m~~~~~~~~~~~~~~~~~~[0m


[31m✘ [41;31m[[41;97mERROR[41;31m][0m [1mNG5002: Unexpected closing tag "div". It may happen when the tag has already been closed by another tag. For more info see https://www.w3.org/TR/html5/syntax.html#closing-elements-that-have-implied-end-tags[0m [1m[35m[plugin angular-compiler][0m

    src/app/components/admin/dashboard/dashboard.html:2360:2:
[37m      2360 │   [32m</div>[37m
           ╵   [32m~~~~~~[0m

  Error occurs in the template of component Dashboard.

    src/app/components/admin/dashboard/dashboard.ts:14:15:
[37m      14 │   templateUrl: [32m'./dashboard.html'[37m,
         ╵                [32m~~~~~~~~~~~~~~~~~~[0m


[31m✘ [41;31m[[41;97mERROR[41;31m][0m [1mNG5002: Unexpected closing tag "div". It may happen when the tag has already been closed by another tag. For more info see https://www.w3.org/TR/html5/syntax.html#closing-elements-that-have-implied-end-tags[0m [1m[35m[plugin angular-compiler][0m

    src/app/components/admin/dashboard/dashboard.html:2361:0:
[37m      2361 │ [32m</div>[37m
           ╵ [32m~~~~~~[0m

  Error occurs in the template of component Dashboard.

    src/app/components/admin/dashboard/dashboard.ts:14:15:
[37m      14 │   templateUrl: [32m'./dashboard.html'[37m,
         ╵                [32m~~~~~~~~~~~~~~~~~~[0m

[39m[22m
[1m[31m[31m✘ [41;31m[[41;97mERROR[41;31m][0m [1mNG5002: Unexpected closing tag "div". It may happen when the tag has already been closed by another tag. For more info see https://www.w3.org/TR/html5/syntax.html#closing-elements-that-have-implied-end-tags[0m [1m[35m[plugin angular-compiler][0m

    src/app/components/admin/dashboard/dashboard.html:1373:8:
[37m      1373 │         [32m</div>[37m
           ╵         [32m~~~~~~[0m

  Error occurs in the template of component Dashboard.

    src/app/components/admin/dashboard/dashboard.ts:14:15:
[37m      14 │   templateUrl: [32m'./dashboard.html'[37m,
         ╵                [32m~~~~~~~~~~~~~~~~~~[0m


[31m✘ [41;31m[[41;97mERROR[41;31m][0m [1mNG5002: Unexpected closing tag "main". It may happen when the tag has already been closed by another tag. For more info see https://www.w3.org/TR/html5/syntax.html#closing-elements-that-have-implied-end-tags[0m [1m[35m[plugin angular-compiler][0m

    src/app/components/admin/dashboard/dashboard.html:2359:4:
[37m      2359 │     [32m</main>[37m
           ╵     [32m~~~~~~~[0m

  Error occurs in the template of component Dashboard.

    src/app/components/admin/dashboard/dashboard.ts:14:15:
[37m      14 │   templateUrl: [32m'./dashboard.html'[37m,
         ╵                [32m~~~~~~~~~~~~~~~~~~[0m


[31m✘ [41;31m[[41;97mERROR[41;31m][0m [1mNG5002: Unexpected closing tag "div". It may happen when the tag has already been closed by another tag. For more info see https://www.w3.org/TR/html5/syntax.html#closing-elements-that-have-implied-end-tags[0m [1m[35m[plugin angular-compiler][0m

    src/app/components/admin/dashboard/dashboard.html:2360:2:
[37m      2360 │   [32m</div>[37m
           ╵   [32m~~~~~~[0m

  Error occurs in the template of component Dashboard.

    src/app/components/admin/dashboard/dashboard.ts:14:15:
[37m      14 │   templateUrl: [32m'./dashboard.html'[37m,
         ╵                [32m~~~~~~~~~~~~~~~~~~[0m


[31m✘ [41;31m[[41;97mERROR[41;31m][0m [1mNG5002: Unexpected closing tag "div". It may happen when the tag has already been closed by another tag. For more info see https://www.w3.org/TR/html5/syntax.html#closing-elements-that-have-implied-end-tags[0m [1m[35m[plugin angular-compiler][0m

    src/app/components/admin/dashboard/dashboard.html:2361:0:
[37m      2361 │ [32m</div>[37m
           ╵ [32m~~~~~~[0m

  Error occurs in the template of component Dashboard.

    src/app/components/admin/dashboard/dashboard.ts:14:15:
[37m      14 │   templateUrl: [32m'./dashboard.html'[37m,
         ╵                [32m~~~~~~~~~~~~~~~~~~[0m

[39m[22m
[1m[31m[31m✘ [41;31m[[41;97mERROR[41;31m][0m [1mNG5002: Unexpected closing tag "div". It may happen when the tag has already been closed by another tag. For more info see https://www.w3.org/TR/html5/syntax.html#closing-elements-that-have-implied-end-tags[0m [1m[35m[plugin angular-compiler][0m

    src/app/components/admin/dashboard/dashboard.html:1373:8:
[37m      1373 │         [32m</div>[37m
           ╵         [32m~~~~~~[0m

  Error occurs in the template of component Dashboard.

    src/app/components/admin/dashboard/dashboard.ts:14:15:
[37m      14 │   templateUrl: [32m'./dashboard.html'[37m,
         ╵                [32m~~~~~~~~~~~~~~~~~~[0m


[31m✘ [41;31m[[41;97mERROR[41;31m][0m [1mNG5002: Unexpected closing tag "main". It may happen when the tag has already been closed by another tag. For more info see https://www.w3.org/TR/html5/syntax.html#closing-elements-that-have-implied-end-tags[0m [1m[35m[plugin angular-compiler][0m

    src/app/components/admin/dashboard/dashboard.html:2359:4:
[37m      2359 │     [32m</main>[37m
           ╵     [32m~~~~~~~[0m

  Error occurs in the template of component Dashboard.

    src/app/components/admin/dashboard/dashboard.ts:14:15:
[37m      14 │   templateUrl: [32m'./dashboard.html'[37m,
         ╵                [32m~~~~~~~~~~~~~~~~~~[0m


[31m✘ [41;31m[[41;97mERROR[41;31m][0m [1mNG5002: Unexpected closing tag "div". It may happen when the tag has already been closed by another tag. For more info see https://www.w3.org/TR/html5/syntax.html#closing-elements-that-have-implied-end-tags[0m [1m[35m[plugin angular-compiler][0m

    src/app/components/admin/dashboard/dashboard.html:2360:2:
[37m      2360 │   [32m</div>[37m
           ╵   [32m~~~~~~[0m

  Error occurs in the template of component Dashboard.

    src/app/components/admin/dashboard/dashboard.ts:14:15:
[37m      14 │   templateUrl: [32m'./dashboard.html'[37m,
         ╵                [32m~~~~~~~~~~~~~~~~~~[0m


[31m✘ [41;31m[[41;97mERROR[41;31m][0m [1mNG5002: Unexpected closing tag "div". It may happen when the tag has already been closed by another tag. For more info see https://www.w3.org/TR/html5/syntax.html#closing-elements-that-have-implied-end-tags[0m [1m[35m[plugin angular-compiler][0m

    src/app/components/admin/dashboard/dashboard.html:2361:0:
[37m      2361 │ [32m</div>[37m
           ╵ [32m~~~~~~[0m

  Error occurs in the template of component Dashboard.

    src/app/components/admin/dashboard/dashboard.ts:14:15:
[37m      14 │   templateUrl: [32m'./dashboard.html'[37m,
         ╵                [32m~~~~~~~~~~~~~~~~~~[0m

[39m[22m
[1m[31m[31m✘ [41;31m[[41;97mERROR[41;31m][0m [1mNG5002: Unexpected closing tag "div". It may happen when the tag has already been closed by another tag. For more info see https://www.w3.org/TR/html5/syntax.html#closing-elements-that-have-implied-end-tags[0m [1m[35m[plugin angular-compiler][0m

    src/app/components/customer/customer-layout/customer-layout.html:197:4:
[37m      197 │     [32m</div>[37m
          ╵     [32m~~~~~~[0m

  Error occurs in the template of component CustomerLayout.

    src/app/components/customer/customer-layout/customer-layout.ts:12:15:
[37m      12 │   templateUrl: [32m'./customer-layout.html'[37m,
         ╵                [32m~~~~~~~~~~~~~~~~~~~~~~~~[0m


[31m✘ [41;31m[[41;97mERROR[41;31m][0m [1mNG5002: Unexpected closing tag "header". It may happen when the tag has already been closed by another tag. For more info see https://www.w3.org/TR/html5/syntax.html#closing-elements-that-have-implied-end-tags[0m [1m[35m[plugin angular-compiler][0m

    src/app/components/customer/customer-layout/customer-layout.html:213:2:
[37m      213 │   [32m</header>[37m
          ╵   [32m~~~~~~~~~[0m

  Error occurs in the template of component CustomerLayout.

    src/app/components/customer/customer-layout/customer-layout.ts:12:15:
[37m      12 │   templateUrl: [32m'./customer-layout.html'[37m,
         ╵                [32m~~~~~~~~~~~~~~~~~~~~~~~~[0m


[31m✘ [41;31m[[41;97mERROR[41;31m][0m [1mNG5002: Unexpected closing tag "div". It may happen when the tag has already been closed by another tag. For more info see https://www.w3.org/TR/html5/syntax.html#closing-elements-that-have-implied-end-tags[0m [1m[35m[plugin angular-compiler][0m

    src/app/components/customer/customer-layout/customer-layout.html:273:0:
[37m      273 │ [32m</div>[37m
          ╵ [32m~~~~~~[0m

  Error occurs in the template of component CustomerLayout.

    src/app/components/customer/customer-layout/customer-layout.ts:12:15:
[37m      12 │   templateUrl: [32m'./customer-layout.html'[37m,
         ╵                [32m~~~~~~~~~~~~~~~~~~~~~~~~[0m

[39m[22m
[1m[31m[31m✘ [41;31m[[41;97mERROR[41;31m][0m [1mTS2339: Property 'nombre' does not exist on type 'AdminVendor'.[0m [1m[35m[plugin angular-compiler][0m

    src/app/components/customer/products/products.ts:132:63:
[37m      132 │ ...is.selectedVendorName() || this.selectedVendor()?.[32mnombre[37m || null;
          ╵                                                      [32m~~~~~~[0m

[39m[22m
[1m[31m[31m✘ [41;31m[[41;97mERROR[41;31m][0m [1mTS2339: Property 'nombre' does not exist on type 'AdminVendor'.[0m [1m[35m[plugin angular-compiler][0m

    src/app/components/customer/products/products.ts:132:63:
[37m      132 │ ...is.selectedVendorName() || this.selectedVendor()?.[32mnombre[37m || null;
          ╵                                                      [32m~~~~~~[0m

[39m[22m
[1m[31m[31m✘ [41;31m[[41;97mERROR[41;31m][0m [1mTS2339: Property 'nombre' does not exist on type 'AdminVendor'.[0m [1m[35m[plugin angular-compiler][0m

    src/app/components/customer/products/products.ts:132:63:
[37m      132 │ ...is.selectedVendorName() || this.selectedVendor()?.[32mnombre[37m || null;
          ╵                                                      [32m~~~~~~[0m

[39m[22m
[1m[31m[31m✘ [41;31m[[41;97mERROR[41;31m][0m [1mTS2339: Property 'sellerService' does not exist on type 'CustomerHome'.[0m [1m[35m[plugin angular-compiler][0m

    src/app/components/customer/home/home.html:112:30:
[37m      112 │           *ngFor="let prod of [32msellerService[37m.products().slice(0, 4)"
          ╵                               [32m~~~~~~~~~~~~~[0m

  Error occurs in the template of component CustomerHome.

    src/app/components/customer/home/home.ts:11:15:
[37m      11 │   templateUrl: [32m'./home.html'[37m,
         ╵                [32m~~~~~~~~~~~~~[0m


[31m✘ [41;31m[[41;97mERROR[41;31m][0m [1mTS2339: Property 'nombre' does not exist on type 'AdminVendor'.[0m [1m[35m[plugin angular-compiler][0m

    src/app/components/customer/products/products.ts:132:63:
[37m      132 │ ...is.selectedVendorName() || this.selectedVendor()?.[32mnombre[37m || null;
          ╵                                                      [32m~~~~~~[0m

[39m[22m
[1m[31m[31m✘ [41;31m[[41;97mERROR[41;31m][0m [1mTS2339: Property 'nombre' does not exist on type 'AdminVendor'.[0m [1m[35m[plugin angular-compiler][0m

    src/app/components/customer/products/products.ts:132:63:
[37m      132 │ ...is.selectedVendorName() || this.selectedVendor()?.[32mnombre[37m || null;
          ╵                                                      [32m~~~~~~[0m

[39m[22m
[1m[31m[31m✘ [41;31m[[41;97mERROR[41;31m][0m [1mTS2339: Property 'nombre' does not exist on type 'AdminVendor'.[0m [1m[35m[plugin angular-compiler][0m

    src/app/components/customer/products/products.ts:132:63:
[37m      132 │ ...is.selectedVendorName() || this.selectedVendor()?.[32mnombre[37m || null;
          ╵                                                      [32m~~~~~~[0m

[39m[22m
[1m[31m[31m✘ [41;31m[[41;97mERROR[41;31m][0m [1mTS2551: Property 'categoria' does not exist on type '{ categoriaNombre: string; vendedorNombre: string; id: number; nombre: string; descripcion: string; sku: string; categoriaId: number; vendedorId: number; precio: number; stock: number; peso: number; activo: boolean; fechaCreacion: string; imagenes: string[]; }'. Did you mean 'categoriaId'?[0m [1m[35m[plugin angular-compiler][0m

    src/app/components/customer/products/products.html:153:43:
[37m      153 │             <span class="card-cat">{{ prod.[32mcategoria[37m }}</span>
          ╵                                            [32m~~~~~~~~~[0m

  Error occurs in the template of component CustomerProducts.

    src/app/components/customer/products/products.ts:12:15:
[37m      12 │   templateUrl: [32m'./products.html'[37m,
         ╵                [32m~~~~~~~~~~~~~~~~~[0m

[39m[22m
