
> multi-market-frontend@0.0.0 start
> ng serve

[33m❯[39m Building...
[32m✔[39m Building...
[1mInitial chunk files[22m[2m | [22m[1mNames[22m         [2m | [22m [1mRaw size[22m
[32mmain.js[39m            [2m | [22m[2mmain[22m          [2m | [22m  [36m1.01 MB[39m[2m | [22m
[32mchunk-ULZR3GVB.js[39m  [2m | [22m[2m-[22m             [2m | [22m [36m34.98 kB[39m[2m | [22m
[32mchunk-PRONLPBQ.js[39m  [2m | [22m[2m-[22m             [2m | [22m [36m23.92 kB[39m[2m | [22m
[32mstyles.css[39m         [2m | [22m[2mstyles[22m        [2m | [22m [36m19.87 kB[39m[2m | [22m
[32mchunk-5KWZJG5E.js[39m  [2m | [22m[2m-[22m             [2m | [22m [36m19.65 kB[39m[2m | [22m
[32mchunk-MEVIT2YP.js[39m  [2m | [22m[2m-[22m             [2m | [22m  [36m7.26 kB[39m[2m | [22m
[32mchunk-44MVKM6K.js[39m  [2m | [22m[2m-[22m             [2m | [22m  [36m1.07 kB[39m[2m | [22m

[1m [22m                  [2m | [22m[1mInitial total[22m [2m | [22m  [1m1.12 MB[22m

[1mLazy chunk files[22m   [2m | [22m[1mNames[22m         [2m | [22m [1mRaw size[22m
[32mchunk-OCRJF6HY.js[39m  [2m | [22m[2mhome[22m          [2m | [22m[36m156.80 kB[39m[2m | [22m
[32mchunk-WMGWQOQF.js[39m  [2m | [22m[2mproducts[22m      [2m | [22m[36m148.98 kB[39m[2m | [22m
[32mchunk-FVG2H7IN.js[39m  [2m | [22m[2mcheckout[22m      [2m | [22m[36m146.64 kB[39m[2m | [22m
[32mchunk-NEO6OLCO.js[39m  [2m | [22m[2mproducts[22m      [2m | [22m [36m86.65 kB[39m[2m | [22m
[32mchunk-OHKHZUVA.js[39m  [2m | [22m[2mprofile[22m       [2m | [22m [36m81.92 kB[39m[2m | [22m
[32mchunk-DPY7O2HN.js[39m  [2m | [22m[2mdashboard[22m     [2m | [22m [36m81.84 kB[39m[2m | [22m
[32mchunk-PJF7GWSW.js[39m  [2m | [22m[2morders[22m        [2m | [22m [36m68.65 kB[39m[2m | [22m
[32mchunk-5XUG4FON.js[39m  [2m | [22m[2mchat[22m          [2m | [22m [36m63.61 kB[39m[2m | [22m
[32mchunk-2CNJJK6F.js[39m  [2m | [22m[2mstore[22m         [2m | [22m [36m62.38 kB[39m[2m | [22m
[32mchunk-OZ2BAANM.js[39m  [2m | [22m[2morders[22m        [2m | [22m [36m58.40 kB[39m[2m | [22m
[32mchunk-VZBMEJXZ.js[39m  [2m | [22m[2minventory[22m     [2m | [22m [36m55.95 kB[39m[2m | [22m
[32mchunk-JXEW3UGO.js[39m  [2m | [22m[2mproduct-detail[22m[2m | [22m [36m49.15 kB[39m[2m | [22m
[32mchunk-X4OE7JLO.js[39m  [2m | [22m[2mdashboard[22m     [2m | [22m [36m48.96 kB[39m[2m | [22m
[32mchunk-LNNXXIZO.js[39m  [2m | [22m[2mcustomers[22m     [2m | [22m [36m44.93 kB[39m[2m | [22m
[32mchunk-G4GELS2C.js[39m  [2m | [22m[2msettings[22m      [2m | [22m [36m43.27 kB[39m[2m | [22m
[2m...and 10 more lazy chunks files. Use "--verbose" to show all the files.[22m

Application bundle generation complete. [8.661 seconds] - 2026-06-13T09:36:33.288Z

Watch mode enabled. Watching for file changes...
NOTE: Raw file sizes do not reflect development server per-request transformations.
[2m4:36:33 a. m.[22m [36m[1m[vite][22m[39m [90m[2m(client)[22m[39m Re-optimizing dependencies because vite config has changed
  [32m➜[39m  [1mLocal[22m:   [36mhttp://localhost:[1m4200[22m/[39m
[2m[32m  ➜[39m[22m[2m  press [22m[1mh + enter[22m[2m to show help[22m
[33m❯[39m Changes detected. Rebuilding...
[32m✔[39m Changes detected. Rebuilding...
[1mInitial chunk files[22m[2m | [22m[1mNames[22m[2m | [22m [1mRaw size[22m
[32mmain.js[39m            [2m | [22m[2mmain[22m [2m | [22m  [36m1.01 MB[39m[2m | [22m

[1mLazy chunk files[22m   [2m | [22m[1mNames[22m[2m | [22m [1mRaw size[22m
[32mchunk-T6UUYLRB.js[39m  [2m | [22m[2mhome[22m [2m | [22m[36m157.61 kB[39m[2m | [22m

Application bundle generation complete. [7.615 seconds] - 2026-06-13T09:39:17.425Z

Component update sent to client(s).
[33m❯[39m Changes detected. Rebuilding...
[32m✔[39m Changes detected. Rebuilding...
[1mInitial chunk files[22m[2m | [22m[1mNames[22m[2m | [22m[1mRaw size[22m
[32mmain.js[39m            [2m | [22m[2mmain[22m [2m | [22m [36m1.01 MB[39m[2m | [22m

Application bundle generation complete. [0.761 seconds] - 2026-06-13T09:39:23.090Z

Component update sent to client(s).
[33m❯[39m Changes detected. Rebuilding...
[32m✔[39m Changes detected. Rebuilding...
[1mInitial chunk files[22m[2m | [22m[1mNames[22m[2m | [22m [1mRaw size[22m
[32mmain.js[39m            [2m | [22m[2mmain[22m [2m | [22m  [36m1.01 MB[39m[2m | [22m

[1mLazy chunk files[22m   [2m | [22m[1mNames[22m[2m | [22m [1mRaw size[22m
[32mchunk-OE26ZRBD.js[39m  [2m | [22m[2mhome[22m [2m | [22m[36m159.29 kB[39m[2m | [22m

Application bundle generation complete. [0.578 seconds] - 2026-06-13T09:44:37.617Z

Component update sent to client(s).
[33m❯[39m Changes detected. Rebuilding...
[32m✔[39m Changes detected. Rebuilding...
[1mInitial chunk files[22m[2m | [22m[1mNames[22m[2m | [22m [1mRaw size[22m
[32mmain.js[39m            [2m | [22m[2mmain[22m [2m | [22m  [36m1.01 MB[39m[2m | [22m

[1mLazy chunk files[22m   [2m | [22m[1mNames[22m[2m | [22m [1mRaw size[22m
[32mchunk-DWLYJ2V2.js[39m  [2m | [22m[2mhome[22m [2m | [22m[36m163.56 kB[39m[2m | [22m

Application bundle generation complete. [0.549 seconds] - 2026-06-13T09:44:52.086Z

Component update sent to client(s).
[33m❯[39m Changes detected. Rebuilding...
[32m✔[39m Changes detected. Rebuilding...
[1mInitial chunk files[22m[2m | [22m[1mNames[22m[2m | [22m [1mRaw size[22m
[32mmain.js[39m            [2m | [22m[2mmain[22m [2m | [22m  [36m1.01 MB[39m[2m | [22m

[1mLazy chunk files[22m   [2m | [22m[1mNames[22m[2m | [22m [1mRaw size[22m
[32mchunk-J5YBOFXT.js[39m  [2m | [22m[2mhome[22m [2m | [22m[36m163.31 kB[39m[2m | [22m

Application bundle generation complete. [0.613 seconds] - 2026-06-13T09:47:18.064Z

Component update sent to client(s).
[33m❯[39m Changes detected. Rebuilding...
[32m✔[39m Changes detected. Rebuilding...
[1mInitial chunk files[22m[2m | [22m[1mNames[22m[2m | [22m [1mRaw size[22m
[32mmain.js[39m            [2m | [22m[2mmain[22m [2m | [22m  [36m1.01 MB[39m[2m | [22m

[1mLazy chunk files[22m   [2m | [22m[1mNames[22m[2m | [22m [1mRaw size[22m
[32mchunk-7ZAKIDO6.js[39m  [2m | [22m[2mhome[22m [2m | [22m[36m161.82 kB[39m[2m | [22m

Application bundle generation complete. [0.503 seconds] - 2026-06-13T09:47:31.412Z

Component update sent to client(s).
[33m❯[39m Changes detected. Rebuilding...
[32m✔[39m Changes detected. Rebuilding...
[1mInitial chunk files[22m[2m | [22m[1mNames[22m    [2m | [22m [1mRaw size[22m
[32mmain.js[39m            [2m | [22m[2mmain[22m     [2m | [22m  [36m1.01 MB[39m[2m | [22m

[1mLazy chunk files[22m   [2m | [22m[1mNames[22m    [2m | [22m [1mRaw size[22m
[32mchunk-BJNLMK3F.js[39m  [2m | [22m[2mcheckout[22m [2m | [22m[36m146.80 kB[39m[2m | [22m
[32mchunk-YVVK4BTK.js[39m  [2m | [22m[2mproducts[22m [2m | [22m [36m86.73 kB[39m[2m | [22m
[32mchunk-KAUHAH7R.js[39m  [2m | [22m[2mprofile[22m  [2m | [22m [36m82.04 kB[39m[2m | [22m
[32mchunk-HAORJODT.js[39m  [2m | [22m[2mchat[22m     [2m | [22m [36m63.73 kB[39m[2m | [22m
[32mchunk-XTUOU4D3.js[39m  [2m | [22m[2morders[22m   [2m | [22m [36m58.46 kB[39m[2m | [22m
[32mchunk-NCDBAIJL.js[39m  [2m | [22m[2mdashboard[22m[2m | [22m [36m49.00 kB[39m[2m | [22m
[32mchunk-ZQ44VXRB.js[39m  [2m | [22m[2mstores[22m   [2m | [22m [36m39.60 kB[39m[2m | [22m
[32mchunk-JUTU73YV.js[39m  [2m | [22m[2mcart[22m     [2m | [22m [36m33.28 kB[39m[2m | [22m

Application bundle generation complete. [1.900 seconds] - 2026-06-13T09:52:48.503Z

Component update sent to client(s).
[33m❯[39m Changes detected. Rebuilding...
[32m✔[39m Changes detected. Rebuilding...
[1mInitial chunk files[22m[2m | [22m[1mNames[22m[2m | [22m [1mRaw size[22m
[32mmain.js[39m            [2m | [22m[2mmain[22m [2m | [22m  [36m1.01 MB[39m[2m | [22m

[1mLazy chunk files[22m   [2m | [22m[1mNames[22m[2m | [22m [1mRaw size[22m
[32mchunk-MBNTVG6W.js[39m  [2m | [22m[2mhome[22m [2m | [22m[36m162.12 kB[39m[2m | [22m

Application bundle generation complete. [0.465 seconds] - 2026-06-13T09:54:57.795Z

Component update sent to client(s).
[33m❯[39m Changes detected. Rebuilding...
[32m✔[39m Changes detected. Rebuilding...
Application bundle generation failed. [0.485 seconds] - 2026-06-13T10:00:47.615Z

[1m[31m[31m✘ [41;31m[[41;97mERROR[41;31m][0m [1mTS2339: Property 'toggleTheme' does not exist on type 'App'.[0m [1m[35m[plugin angular-compiler][0m

    src/app/app.html:4:58:
[37m      4 │ ...theme-toggle-fab" (click)="[32mtoggleTheme[37m()" [attr.aria-label]="the...
        ╵                               [32m~~~~~~~~~~~[0m

  Error occurs in the template of component App.

    src/app/app.ts:9:15:
[37m      9 │   templateUrl: [32m'./app.html'[37m,
        ╵                [32m~~~~~~~~~~~~[0m


[31m✘ [41;31m[[41;97mERROR[41;31m][0m [1mTS2339: Property 'theme' does not exist on type 'App'.[0m [1m[35m[plugin angular-compiler][0m

    src/app/app.html:4:92:
[37m      4 │ ...leTheme()" [attr.aria-label]="[32mtheme[37m() === 'dark' ? 'Cambiar a mo...
        ╵                                  [32m~~~~~[0m

  Error occurs in the template of component App.

    src/app/app.ts:9:15:
[37m      9 │   templateUrl: [32m'./app.html'[37m,
        ╵                [32m~~~~~~~~~~~~[0m


[31m✘ [41;31m[[41;97mERROR[41;31m][0m [1mTS2339: Property 'theme' does not exist on type 'App'.[0m [1m[35m[plugin angular-compiler][0m

    src/app/app.html:5:47:
[37m      5 │ ...material-symbols-outlined">{{ [32mtheme[37m() === 'dark' ? 'light_mode' ...
        ╵                                  [32m~~~~~[0m

  Error occurs in the template of component App.

    src/app/app.ts:9:15:
[37m      9 │   templateUrl: [32m'./app.html'[37m,
        ╵                [32m~~~~~~~~~~~~[0m


[31m✘ [41;31m[[41;97mERROR[41;31m][0m [1mTS2339: Property 'theme' does not exist on type 'App'.[0m [1m[35m[plugin angular-compiler][0m

    src/app/app.html:6:13:
[37m      6 │     <span>{{ [32mtheme[37m() === 'dark' ? 'Light' : 'Dark' }}</span>
        ╵              [32m~~~~~[0m

  Error occurs in the template of component App.

    src/app/app.ts:9:15:
[37m      9 │   templateUrl: [32m'./app.html'[37m,
        ╵                [32m~~~~~~~~~~~~[0m

[39m[22m
[33m❯[39m Changes detected. Rebuilding...
[32m✔[39m Changes detected. Rebuilding...
[1mInitial chunk files[22m[2m | [22m[1mNames[22m         [2m | [22m [1mRaw size[22m
[32mmain.js[39m            [2m | [22m[2mmain[22m          [2m | [22m  [36m1.01 MB[39m[2m | [22m
[32mchunk-ULZR3GVB.js[39m  [2m | [22m[2m-[22m             [2m | [22m [36m34.98 kB[39m[2m | [22m
[32mchunk-PRONLPBQ.js[39m  [2m | [22m[2m-[22m             [2m | [22m [36m23.92 kB[39m[2m | [22m
[32mstyles.css[39m         [2m | [22m[2mstyles[22m        [2m | [22m [36m19.87 kB[39m[2m | [22m
[32mchunk-5KWZJG5E.js[39m  [2m | [22m[2m-[22m             [2m | [22m [36m19.65 kB[39m[2m | [22m
[32mchunk-MEVIT2YP.js[39m  [2m | [22m[2m-[22m             [2m | [22m  [36m7.26 kB[39m[2m | [22m
[32mchunk-44MVKM6K.js[39m  [2m | [22m[2m-[22m             [2m | [22m  [36m1.07 kB[39m[2m | [22m

[1m [22m                  [2m | [22m[1mInitial total[22m [2m | [22m  [1m1.12 MB[22m

[1mLazy chunk files[22m   [2m | [22m[1mNames[22m         [2m | [22m [1mRaw size[22m
[32mchunk-MBNTVG6W.js[39m  [2m | [22m[2mhome[22m          [2m | [22m[36m162.12 kB[39m[2m | [22m
[32mchunk-WMGWQOQF.js[39m  [2m | [22m[2mproducts[22m      [2m | [22m[36m148.98 kB[39m[2m | [22m
[32mchunk-BJNLMK3F.js[39m  [2m | [22m[2mcheckout[22m      [2m | [22m[36m146.80 kB[39m[2m | [22m
[32mchunk-YVVK4BTK.js[39m  [2m | [22m[2mproducts[22m      [2m | [22m [36m86.73 kB[39m[2m | [22m
[32mchunk-KAUHAH7R.js[39m  [2m | [22m[2mprofile[22m       [2m | [22m [36m82.04 kB[39m[2m | [22m
[32mchunk-DPY7O2HN.js[39m  [2m | [22m[2mdashboard[22m     [2m | [22m [36m81.84 kB[39m[2m | [22m
[32mchunk-PJF7GWSW.js[39m  [2m | [22m[2morders[22m        [2m | [22m [36m68.65 kB[39m[2m | [22m
[32mchunk-HAORJODT.js[39m  [2m | [22m[2mchat[22m          [2m | [22m [36m63.73 kB[39m[2m | [22m
[32mchunk-2CNJJK6F.js[39m  [2m | [22m[2mstore[22m         [2m | [22m [36m62.38 kB[39m[2m | [22m
[32mchunk-XTUOU4D3.js[39m  [2m | [22m[2morders[22m        [2m | [22m [36m58.46 kB[39m[2m | [22m
[32mchunk-VZBMEJXZ.js[39m  [2m | [22m[2minventory[22m     [2m | [22m [36m55.95 kB[39m[2m | [22m
[32mchunk-JXEW3UGO.js[39m  [2m | [22m[2mproduct-detail[22m[2m | [22m [36m49.15 kB[39m[2m | [22m
[32mchunk-NCDBAIJL.js[39m  [2m | [22m[2mdashboard[22m     [2m | [22m [36m49.00 kB[39m[2m | [22m
[32mchunk-LNNXXIZO.js[39m  [2m | [22m[2mcustomers[22m     [2m | [22m [36m44.93 kB[39m[2m | [22m
[32mchunk-G4GELS2C.js[39m  [2m | [22m[2msettings[22m      [2m | [22m [36m43.27 kB[39m[2m | [22m
[2m...and 10 more lazy chunks files. Use "--verbose" to show all the files.[22m

Application bundle generation complete. [0.264 seconds] - 2026-06-13T10:00:55.464Z

[1m[33m[33m▲ [43;33m[[43;30mWARNING[43;33m][0m [1mNG8103: NG8103: The `*ngIf` directive was used in the template, but neither the `NgIf` directive nor the `CommonModule` was imported. Use Angular's built-in control flow @if or make sure that either the `NgIf` directive or the `CommonModule` is included in the `@Component.imports` array of this component. Find more at https://v21.angular.dev/extended-diagnostics/NG8103[0m [1m[35m[plugin angular-compiler][0m

    src/app/app.html:5:5:
[37m      5 │     *[32mngIf[37m="showGlobalThemeToggle()"
        ╵      [32m~~~~[0m

  Warning occurs in the template of component App.

    src/app/app.ts:9:15:
[37m      9 │   templateUrl: [32m'./app.html'[37m,
        ╵                [32m~~~~~~~~~~~~[0m

[39m[22m
Page reload sent to client(s).
[33m❯[39m Changes detected. Rebuilding...
[32m✔[39m Changes detected. Rebuilding...
[1mInitial chunk files[22m[2m | [22m[1mNames[22m[2m | [22m[1mRaw size[22m
[32mmain.js[39m            [2m | [22m[2mmain[22m [2m | [22m [36m1.01 MB[39m[2m | [22m

Application bundle generation complete. [0.858 seconds] - 2026-06-13T10:01:03.074Z

[1m[33m[33m▲ [43;33m[[43;30mWARNING[43;33m][0m [1mNG8103: NG8103: The `*ngIf` directive was used in the template, but neither the `NgIf` directive nor the `CommonModule` was imported. Use Angular's built-in control flow @if or make sure that either the `NgIf` directive or the `CommonModule` is included in the `@Component.imports` array of this component. Find more at https://v21.angular.dev/extended-diagnostics/NG8103[0m [1m[35m[plugin angular-compiler][0m

    src/app/app.html:5:5:
[37m      5 │     *[32mngIf[37m="showGlobalThemeToggle()"
        ╵      [32m~~~~[0m

  Warning occurs in the template of component App.

    src/app/app.ts:9:15:
[37m      9 │   templateUrl: [32m'./app.html'[37m,
        ╵                [32m~~~~~~~~~~~~[0m

[39m[22m
Page reload sent to client(s).
[33m❯[39m Changes detected. Rebuilding...
[32m✔[39m Changes detected. Rebuilding...
[1mInitial chunk files[22m[2m | [22m[1mNames[22m[2m | [22m[1mRaw size[22m
[32mmain.js[39m            [2m | [22m[2mmain[22m [2m | [22m [36m1.02 MB[39m[2m | [22m

Application bundle generation complete. [0.800 seconds] - 2026-06-13T10:01:10.518Z

[1m[33m[33m▲ [43;33m[[43;30mWARNING[43;33m][0m [1mNG8103: NG8103: The `*ngIf` directive was used in the template, but neither the `NgIf` directive nor the `CommonModule` was imported. Use Angular's built-in control flow @if or make sure that either the `NgIf` directive or the `CommonModule` is included in the `@Component.imports` array of this component. Find more at https://v21.angular.dev/extended-diagnostics/NG8103[0m [1m[35m[plugin angular-compiler][0m

    src/app/app.html:5:5:
[37m      5 │     *[32mngIf[37m="showGlobalThemeToggle()"
        ╵      [32m~~~~[0m

  Warning occurs in the template of component App.

    src/app/app.ts:9:15:
[37m      9 │   templateUrl: [32m'./app.html'[37m,
        ╵                [32m~~~~~~~~~~~~[0m

[39m[22m
Component update sent to client(s).
[33m❯[39m Changes detected. Rebuilding...
[32m✔[39m Changes detected. Rebuilding...
[1mInitial chunk files[22m[2m | [22m[1mNames[22m[2m | [22m[1mRaw size[22m
[32mmain.js[39m            [2m | [22m[2mmain[22m [2m | [22m [36m1.02 MB[39m[2m | [22m

Application bundle generation complete. [0.978 seconds] - 2026-06-13T10:01:54.415Z

[1m[33m[33m▲ [43;33m[[43;30mWARNING[43;33m][0m [1mNG8103: NG8103: The `*ngIf` directive was used in the template, but neither the `NgIf` directive nor the `CommonModule` was imported. Use Angular's built-in control flow @if or make sure that either the `NgIf` directive or the `CommonModule` is included in the `@Component.imports` array of this component. Find more at https://v21.angular.dev/extended-diagnostics/NG8103[0m [1m[35m[plugin angular-compiler][0m

    src/app/app.html:5:5:
[37m      5 │     *[32mngIf[37m="showGlobalThemeToggle()"
        ╵      [32m~~~~[0m

  Warning occurs in the template of component App.

    src/app/app.ts:9:15:
[37m      9 │   templateUrl: [32m'./app.html'[37m,
        ╵                [32m~~~~~~~~~~~~[0m

[39m[22m
Component update sent to client(s).
[33m❯[39m Changes detected. Rebuilding...
[32m✔[39m Changes detected. Rebuilding...
[1mInitial chunk files[22m[2m | [22m[1mNames[22m [2m | [22m[1mRaw size[22m
[32mstyles.css[39m         [2m | [22m[2mstyles[22m[2m | [22m[36m20.57 kB[39m[2m | [22m

Application bundle generation complete. [0.010 seconds] - 2026-06-13T10:02:09.600Z

[1m[33m[33m▲ [43;33m[[43;30mWARNING[43;33m][0m [1mNG8103: NG8103: The `*ngIf` directive was used in the template, but neither the `NgIf` directive nor the `CommonModule` was imported. Use Angular's built-in control flow @if or make sure that either the `NgIf` directive or the `CommonModule` is included in the `@Component.imports` array of this component. Find more at https://v21.angular.dev/extended-diagnostics/NG8103[0m [1m[35m[plugin angular-compiler][0m

    src/app/app.html:5:5:
[37m      5 │     *[32mngIf[37m="showGlobalThemeToggle()"
        ╵      [32m~~~~[0m

  Warning occurs in the template of component App.

    src/app/app.ts:9:15:
[37m      9 │   templateUrl: [32m'./app.html'[37m,
        ╵                [32m~~~~~~~~~~~~[0m

[39m[22m
Stylesheet update sent to client(s).
[33m❯[39m Changes detected. Rebuilding...
[32m✔[39m Changes detected. Rebuilding...
[1mInitial chunk files[22m[2m | [22m[1mNames[22m[2m | [22m[1mRaw size[22m
[32mmain.js[39m            [2m | [22m[2mmain[22m [2m | [22m [36m1.02 MB[39m[2m | [22m

Application bundle generation complete. [0.490 seconds] - 2026-06-13T10:02:16.396Z

[1m[33m[33m▲ [43;33m[[43;30mWARNING[43;33m][0m [1mNG8103: NG8103: The `*ngIf` directive was used in the template, but neither the `NgIf` directive nor the `CommonModule` was imported. Use Angular's built-in control flow @if or make sure that either the `NgIf` directive or the `CommonModule` is included in the `@Component.imports` array of this component. Find more at https://v21.angular.dev/extended-diagnostics/NG8103[0m [1m[35m[plugin angular-compiler][0m

    src/app/app.html:5:5:
[37m      5 │     *[32mngIf[37m="showGlobalThemeToggle()"
        ╵      [32m~~~~[0m

  Warning occurs in the template of component App.

    src/app/app.ts:9:15:
[37m      9 │   templateUrl: [32m'./app.html'[37m,
        ╵                [32m~~~~~~~~~~~~[0m

[39m[22m
Page reload sent to client(s).
[33m❯[39m Changes detected. Rebuilding...
[32m✔[39m Changes detected. Rebuilding...
[1mInitial chunk files[22m[2m | [22m[1mNames[22m[2m | [22m[1mRaw size[22m
[32mmain.js[39m            [2m | [22m[2mmain[22m [2m | [22m [36m1.02 MB[39m[2m | [22m

Application bundle generation complete. [0.557 seconds] - 2026-06-13T10:02:23.943Z

[1m[33m[33m▲ [43;33m[[43;30mWARNING[43;33m][0m [1mNG8103: NG8103: The `*ngIf` directive was used in the template, but neither the `NgIf` directive nor the `CommonModule` was imported. Use Angular's built-in control flow @if or make sure that either the `NgIf` directive or the `CommonModule` is included in the `@Component.imports` array of this component. Find more at https://v21.angular.dev/extended-diagnostics/NG8103[0m [1m[35m[plugin angular-compiler][0m

    src/app/app.html:5:5:
[37m      5 │     *[32mngIf[37m="showGlobalThemeToggle()"
        ╵      [32m~~~~[0m

  Warning occurs in the template of component App.

    src/app/app.ts:9:15:
[37m      9 │   templateUrl: [32m'./app.html'[37m,
        ╵                [32m~~~~~~~~~~~~[0m

[39m[22m
Component update sent to client(s).
[33m❯[39m Changes detected. Rebuilding...
[32m✔[39m Changes detected. Rebuilding...
[1mInitial chunk files[22m[2m | [22m[1mNames[22m[2m | [22m[1mRaw size[22m
[32mmain.js[39m            [2m | [22m[2mmain[22m [2m | [22m [36m1.02 MB[39m[2m | [22m

Application bundle generation complete. [4.277 seconds] - 2026-06-13T10:02:53.550Z

[1m[33m[33m▲ [43;33m[[43;30mWARNING[43;33m][0m [1mNG8103: NG8103: The `*ngIf` directive was used in the template, but neither the `NgIf` directive nor the `CommonModule` was imported. Use Angular's built-in control flow @if or make sure that either the `NgIf` directive or the `CommonModule` is included in the `@Component.imports` array of this component. Find more at https://v21.angular.dev/extended-diagnostics/NG8103[0m [1m[35m[plugin angular-compiler][0m

    src/app/app.html:5:5:
[37m      5 │     *[32mngIf[37m="showGlobalThemeToggle()"
        ╵      [32m~~~~[0m

  Warning occurs in the template of component App.

    src/app/app.ts:9:15:
[37m      9 │   templateUrl: [32m'./app.html'[37m,
        ╵                [32m~~~~~~~~~~~~[0m

[39m[22m
Page reload sent to client(s).
[33m❯[39m Changes detected. Rebuilding...
[32m✔[39m Changes detected. Rebuilding...
[1mInitial chunk files[22m[2m | [22m[1mNames[22m[2m | [22m[1mRaw size[22m
[32mmain.js[39m            [2m | [22m[2mmain[22m [2m | [22m [36m1.02 MB[39m[2m | [22m

Application bundle generation complete. [4.319 seconds] - 2026-06-13T10:03:03.505Z

[1m[33m[33m▲ [43;33m[[43;30mWARNING[43;33m][0m [1mNG8103: NG8103: The `*ngIf` directive was used in the template, but neither the `NgIf` directive nor the `CommonModule` was imported. Use Angular's built-in control flow @if or make sure that either the `NgIf` directive or the `CommonModule` is included in the `@Component.imports` array of this component. Find more at https://v21.angular.dev/extended-diagnostics/NG8103[0m [1m[35m[plugin angular-compiler][0m

    src/app/app.html:5:5:
[37m      5 │     *[32mngIf[37m="showGlobalThemeToggle()"
        ╵      [32m~~~~[0m

  Warning occurs in the template of component App.

    src/app/app.ts:9:15:
[37m      9 │   templateUrl: [32m'./app.html'[37m,
        ╵                [32m~~~~~~~~~~~~[0m

[39m[22m
Component update sent to client(s).
[33m❯[39m Changes detected. Rebuilding...
[32m✔[39m Changes detected. Rebuilding...
[1mInitial chunk files[22m[2m | [22m[1mNames[22m[2m | [22m[1mRaw size[22m
[32mmain.js[39m            [2m | [22m[2mmain[22m [2m | [22m [36m1.02 MB[39m[2m | [22m

Application bundle generation complete. [3.705 seconds] - 2026-06-13T10:03:18.718Z

[1m[33m[33m▲ [43;33m[[43;30mWARNING[43;33m][0m [1mNG8103: NG8103: The `*ngIf` directive was used in the template, but neither the `NgIf` directive nor the `CommonModule` was imported. Use Angular's built-in control flow @if or make sure that either the `NgIf` directive or the `CommonModule` is included in the `@Component.imports` array of this component. Find more at https://v21.angular.dev/extended-diagnostics/NG8103[0m [1m[35m[plugin angular-compiler][0m

    src/app/app.html:5:5:
[37m      5 │     *[32mngIf[37m="showGlobalThemeToggle()"
        ╵      [32m~~~~[0m

  Warning occurs in the template of component App.

    src/app/app.ts:9:15:
[37m      9 │   templateUrl: [32m'./app.html'[37m,
        ╵                [32m~~~~~~~~~~~~[0m

[39m[22m
Page reload sent to client(s).
[33m❯[39m Changes detected. Rebuilding...
[32m✔[39m Changes detected. Rebuilding...
[1mInitial chunk files[22m[2m | [22m[1mNames[22m[2m | [22m[1mRaw size[22m
[32mmain.js[39m            [2m | [22m[2mmain[22m [2m | [22m [36m1.02 MB[39m[2m | [22m

Application bundle generation complete. [0.270 seconds] - 2026-06-13T10:05:32.698Z

Component update sent to client(s).
[33m❯[39m Changes detected. Rebuilding...
[32m✔[39m Changes detected. Rebuilding...
[1mInitial chunk files[22m[2m | [22m[1mNames[22m[2m | [22m [1mRaw size[22m
[32mmain.js[39m            [2m | [22m[2mmain[22m [2m | [22m  [36m1.02 MB[39m[2m | [22m

[1mLazy chunk files[22m   [2m | [22m[1mNames[22m[2m | [22m [1mRaw size[22m
[32mchunk-MRG5P373.js[39m  [2m | [22m[2mhome[22m [2m | [22m[36m162.99 kB[39m[2m | [22m

Application bundle generation complete. [0.708 seconds] - 2026-06-13T10:08:49.593Z

Component update sent to client(s).
[33m❯[39m Changes detected. Rebuilding...
[32m✔[39m Changes detected. Rebuilding...
[1mInitial chunk files[22m[2m | [22m[1mNames[22m[2m | [22m[1mRaw size[22m
[32mmain.js[39m            [2m | [22m[2mmain[22m [2m | [22m [36m1.03 MB[39m[2m | [22m

Application bundle generation complete. [0.915 seconds] - 2026-06-13T10:10:03.081Z

Component update sent to client(s).
[33m❯[39m Changes detected. Rebuilding...
[32m✔[39m Changes detected. Rebuilding...
[1mInitial chunk files[22m[2m | [22m[1mNames[22m [2m | [22m[1mRaw size[22m
[32mstyles.css[39m         [2m | [22m[2mstyles[22m[2m | [22m[36m20.50 kB[39m[2m | [22m

Application bundle generation complete. [0.012 seconds] - 2026-06-13T10:10:07.044Z

Stylesheet update sent to client(s).
[33m❯[39m Changes detected. Rebuilding...
[32m✔[39m Changes detected. Rebuilding...
[1mInitial chunk files[22m[2m | [22m[1mNames[22m[2m | [22m [1mRaw size[22m
[32mmain.js[39m            [2m | [22m[2mmain[22m [2m | [22m  [36m1.03 MB[39m[2m | [22m

[1mLazy chunk files[22m   [2m | [22m[1mNames[22m[2m | [22m [1mRaw size[22m
[32mchunk-67KCW7OZ.js[39m  [2m | [22m[2mhome[22m [2m | [22m[36m163.13 kB[39m[2m | [22m

Application bundle generation complete. [0.527 seconds] - 2026-06-13T10:12:53.920Z

Component update sent to client(s).
[33m❯[39m Changes detected. Rebuilding...
[32m✔[39m Changes detected. Rebuilding...
[1mInitial chunk files[22m[2m | [22m[1mNames[22m[2m | [22m[1mRaw size[22m
[32mmain.js[39m            [2m | [22m[2mmain[22m [2m | [22m [36m1.03 MB[39m[2m | [22m

[1mLazy chunk files[22m   [2m | [22m[1mNames[22m[2m | [22m[1mRaw size[22m
[32mchunk-TKLQXGAU.js[39m  [2m | [22m[2mchat[22m [2m | [22m[36m64.39 kB[39m[2m | [22m

Application bundle generation complete. [0.405 seconds] - 2026-06-13T10:14:29.316Z

Component update sent to client(s).
[33m❯[39m Changes detected. Rebuilding...
[32m✔[39m Changes detected. Rebuilding...
[1mInitial chunk files[22m[2m | [22m[1mNames[22m[2m | [22m [1mRaw size[22m
[32mmain.js[39m            [2m | [22m[2mmain[22m [2m | [22m  [36m1.03 MB[39m[2m | [22m

[1mLazy chunk files[22m   [2m | [22m[1mNames[22m[2m | [22m [1mRaw size[22m
[32mchunk-SEHC6FDQ.js[39m  [2m | [22m[2mhome[22m [2m | [22m[36m163.37 kB[39m[2m | [22m

Application bundle generation complete. [0.484 seconds] - 2026-06-13T10:16:28.411Z

Component update sent to client(s).
[33m❯[39m Changes detected. Rebuilding...
[32m✔[39m Changes detected. Rebuilding...
[1mInitial chunk files[22m[2m | [22m[1mNames[22m[2m | [22m [1mRaw size[22m
[32mmain.js[39m            [2m | [22m[2mmain[22m [2m | [22m  [36m1.03 MB[39m[2m | [22m

[1mLazy chunk files[22m   [2m | [22m[1mNames[22m[2m | [22m [1mRaw size[22m
[32mchunk-KVTFVNA6.js[39m  [2m | [22m[2mhome[22m [2m | [22m[36m164.19 kB[39m[2m | [22m

Application bundle generation complete. [0.447 seconds] - 2026-06-13T10:16:55.160Z

Component update sent to client(s).
[33m❯[39m Changes detected. Rebuilding...
[32m✔[39m Changes detected. Rebuilding...
[1mInitial chunk files[22m[2m | [22m[1mNames[22m[2m | [22m [1mRaw size[22m
[32mmain.js[39m            [2m | [22m[2mmain[22m [2m | [22m  [36m1.03 MB[39m[2m | [22m

[1mLazy chunk files[22m   [2m | [22m[1mNames[22m[2m | [22m [1mRaw size[22m
[32mchunk-WT2VK2U6.js[39m  [2m | [22m[2mhome[22m [2m | [22m[36m164.48 kB[39m[2m | [22m

Application bundle generation complete. [0.413 seconds] - 2026-06-13T10:17:05.599Z

Component update sent to client(s).
[33m❯[39m Changes detected. Rebuilding...
[32m✔[39m Changes detected. Rebuilding...
[1mInitial chunk files[22m[2m | [22m[1mNames[22m[2m | [22m [1mRaw size[22m
[32mmain.js[39m            [2m | [22m[2mmain[22m [2m | [22m  [36m1.03 MB[39m[2m | [22m

[1mLazy chunk files[22m   [2m | [22m[1mNames[22m[2m | [22m [1mRaw size[22m
[32mchunk-HO6LBM3R.js[39m  [2m | [22m[2mhome[22m [2m | [22m[36m165.95 kB[39m[2m | [22m

Application bundle generation complete. [0.462 seconds] - 2026-06-13T10:20:55.899Z

Component update sent to client(s).
[33m❯[39m Changes detected. Rebuilding...
[32m✔[39m Changes detected. Rebuilding...
[1mInitial chunk files[22m[2m | [22m[1mNames[22m[2m | [22m [1mRaw size[22m
[32mmain.js[39m            [2m | [22m[2mmain[22m [2m | [22m  [36m1.03 MB[39m[2m | [22m

[1mLazy chunk files[22m   [2m | [22m[1mNames[22m[2m | [22m [1mRaw size[22m
[32mchunk-FR56JUNB.js[39m  [2m | [22m[2mhome[22m [2m | [22m[36m168.05 kB[39m[2m | [22m

Application bundle generation complete. [0.444 seconds] - 2026-06-13T10:21:09.822Z

Component update sent to client(s).
[33m❯[39m Changes detected. Rebuilding...
[32m✔[39m Changes detected. Rebuilding...
[1mInitial chunk files[22m[2m | [22m[1mNames[22m[2m | [22m [1mRaw size[22m
[32mmain.js[39m            [2m | [22m[2mmain[22m [2m | [22m  [36m1.03 MB[39m[2m | [22m

[1mLazy chunk files[22m   [2m | [22m[1mNames[22m[2m | [22m [1mRaw size[22m
[32mchunk-4Z4NSASD.js[39m  [2m | [22m[2mhome[22m [2m | [22m[36m168.08 kB[39m[2m | [22m

Application bundle generation complete. [0.446 seconds] - 2026-06-13T10:21:33.064Z

Component update sent to client(s).
[33m❯[39m Changes detected. Rebuilding...
[32m✔[39m Changes detected. Rebuilding...
[1mInitial chunk files[22m[2m | [22m[1mNames[22m[2m | [22m [1mRaw size[22m
[32mmain.js[39m            [2m | [22m[2mmain[22m [2m | [22m  [36m1.03 MB[39m[2m | [22m

[1mLazy chunk files[22m   [2m | [22m[1mNames[22m[2m | [22m [1mRaw size[22m
[32mchunk-7OXRBT3G.js[39m  [2m | [22m[2mhome[22m [2m | [22m[36m168.27 kB[39m[2m | [22m

Application bundle generation complete. [0.453 seconds] - 2026-06-13T10:21:41.668Z

Component update sent to client(s).
[33m❯[39m Changes detected. Rebuilding...
[32m✔[39m Changes detected. Rebuilding...
[1mInitial chunk files[22m[2m | [22m[1mNames[22m[2m | [22m [1mRaw size[22m
[32mmain.js[39m            [2m | [22m[2mmain[22m [2m | [22m  [36m1.03 MB[39m[2m | [22m

[1mLazy chunk files[22m   [2m | [22m[1mNames[22m[2m | [22m [1mRaw size[22m
[32mchunk-TIF43VQA.js[39m  [2m | [22m[2mhome[22m [2m | [22m[36m169.51 kB[39m[2m | [22m

Application bundle generation complete. [0.418 seconds] - 2026-06-13T10:21:51.591Z

Component update sent to client(s).
[33m❯[39m Changes detected. Rebuilding...
[32m✔[39m Changes detected. Rebuilding...
[1mInitial chunk files[22m[2m | [22m[1mNames[22m[2m | [22m [1mRaw size[22m
[32mmain.js[39m            [2m | [22m[2mmain[22m [2m | [22m  [36m1.03 MB[39m[2m | [22m

[1mLazy chunk files[22m   [2m | [22m[1mNames[22m[2m | [22m [1mRaw size[22m
[32mchunk-EAWGYTAS.js[39m  [2m | [22m[2mhome[22m [2m | [22m[36m170.44 kB[39m[2m | [22m

Application bundle generation complete. [0.447 seconds] - 2026-06-13T10:22:58.871Z

Component update sent to client(s).
[33m❯[39m Changes detected. Rebuilding...
[32m✔[39m Changes detected. Rebuilding...
[1mInitial chunk files[22m[2m | [22m[1mNames[22m[2m | [22m[1mRaw size[22m
[32mmain.js[39m            [2m | [22m[2mmain[22m [2m | [22m [36m1.03 MB[39m[2m | [22m

Application bundle generation complete. [0.717 seconds] - 2026-06-13T10:25:47.825Z

Page reload sent to client(s).
[33m❯[39m Changes detected. Rebuilding...
[32m✔[39m Changes detected. Rebuilding...
[1mInitial chunk files[22m[2m | [22m[1mNames[22m[2m | [22m[1mRaw size[22m
[32mmain.js[39m            [2m | [22m[2mmain[22m [2m | [22m [36m1.03 MB[39m[2m | [22m

[1mLazy chunk files[22m   [2m | [22m[1mNames[22m[2m | [22m[1mRaw size[22m
[32mchunk-4GU3ZWQN.js[39m  [2m | [22m[2mchat[22m [2m | [22m[36m70.75 kB[39m[2m | [22m

Application bundle generation complete. [0.420 seconds] - 2026-06-13T10:26:42.273Z

Component update sent to client(s).
[33m❯[39m Changes detected. Rebuilding...
[32m✔[39m Changes detected. Rebuilding...
[1mInitial chunk files[22m[2m | [22m[1mNames[22m[2m | [22m[1mRaw size[22m
[32mmain.js[39m            [2m | [22m[2mmain[22m [2m | [22m [36m1.03 MB[39m[2m | [22m

Application bundle generation complete. [0.764 seconds] - 2026-06-13T10:37:34.579Z

Component update sent to client(s).
[33m❯[39m Changes detected. Rebuilding...
[32m✔[39m Changes detected. Rebuilding...
[1mInitial chunk files[22m[2m | [22m[1mNames[22m[2m | [22m[1mRaw size[22m
[32mmain.js[39m            [2m | [22m[2mmain[22m [2m | [22m [36m1.03 MB[39m[2m | [22m

Application bundle generation complete. [0.756 seconds] - 2026-06-13T10:37:48.681Z

Component update sent to client(s).
[33m❯[39m Changes detected. Rebuilding...
[32m✔[39m Changes detected. Rebuilding...
[1mInitial chunk files[22m[2m | [22m[1mNames[22m[2m | [22m[1mRaw size[22m
[32mmain.js[39m            [2m | [22m[2mmain[22m [2m | [22m [36m1.03 MB[39m[2m | [22m

Application bundle generation complete. [0.692 seconds] - 2026-06-13T10:38:04.996Z

Component update sent to client(s).
[33m❯[39m Changes detected. Rebuilding...
[32m✔[39m Changes detected. Rebuilding...
[1mInitial chunk files[22m[2m | [22m[1mNames[22m[2m | [22m[1mRaw size[22m
[32mmain.js[39m            [2m | [22m[2mmain[22m [2m | [22m [36m1.03 MB[39m[2m | [22m

Application bundle generation complete. [0.706 seconds] - 2026-06-13T10:38:14.902Z

Component update sent to client(s).
[33m❯[39m Changes detected. Rebuilding...
[32m✔[39m Changes detected. Rebuilding...
[1mInitial chunk files[22m[2m | [22m[1mNames[22m[2m | [22m[1mRaw size[22m
[32mmain.js[39m            [2m | [22m[2mmain[22m [2m | [22m [36m1.03 MB[39m[2m | [22m

Application bundle generation complete. [0.667 seconds] - 2026-06-13T10:38:49.927Z

Component update sent to client(s).
[33m❯[39m Changes detected. Rebuilding...
[32m✔[39m Changes detected. Rebuilding...
[1mInitial chunk files[22m[2m | [22m[1mNames[22m[2m | [22m[1mRaw size[22m
[32mmain.js[39m            [2m | [22m[2mmain[22m [2m | [22m [36m1.03 MB[39m[2m | [22m

Application bundle generation complete. [0.757 seconds] - 2026-06-13T10:39:14.554Z

Component update sent to client(s).
[33m❯[39m Changes detected. Rebuilding...
[32m✔[39m Changes detected. Rebuilding...
[1mInitial chunk files[22m[2m | [22m[1mNames[22m[2m | [22m[1mRaw size[22m
[32mmain.js[39m            [2m | [22m[2mmain[22m [2m | [22m [36m1.03 MB[39m[2m | [22m

Application bundle generation complete. [0.804 seconds] - 2026-06-13T10:39:22.590Z

Component update sent to client(s).
[33m❯[39m Changes detected. Rebuilding...
[32m✔[39m Changes detected. Rebuilding...
[1mInitial chunk files[22m[2m | [22m[1mNames[22m [2m | [22m[1mRaw size[22m
[32mstyles.css[39m         [2m | [22m[2mstyles[22m[2m | [22m[36m19.99 kB[39m[2m | [22m

Application bundle generation complete. [0.030 seconds] - 2026-06-13T10:39:53.618Z

Stylesheet update sent to client(s).
[33m❯[39m Changes detected. Rebuilding...
[32m✔[39m Changes detected. Rebuilding...
[1mInitial chunk files[22m[2m | [22m[1mNames[22m[2m | [22m[1mRaw size[22m
[32mmain.js[39m            [2m | [22m[2mmain[22m [2m | [22m [36m1.03 MB[39m[2m | [22m

Application bundle generation complete. [0.687 seconds] - 2026-06-13T10:40:03.527Z

Component update sent to client(s).
[33m❯[39m Changes detected. Rebuilding...
[32m✔[39m Changes detected. Rebuilding...
[1mInitial chunk files[22m[2m | [22m[1mNames[22m[2m | [22m[1mRaw size[22m
[32mmain.js[39m            [2m | [22m[2mmain[22m [2m | [22m [36m1.03 MB[39m[2m | [22m

Application bundle generation complete. [0.771 seconds] - 2026-06-13T10:43:01.437Z

Component update sent to client(s).
